[20:02:32] [modloading-worker-0/INFO] ========================================
[20:02:32] [modloading-worker-0/INFO] Minecraft: 1.18.2
[20:02:32] [modloading-worker-0/INFO] Side: server
[20:02:32] [modloading-worker-0/INFO] Development: false
[20:02:32] [modloading-worker-0/INFO] Version: 8.3.594
[20:02:32] [modloading-worker-0/INFO] Loader:
[20:02:32] [modloading-worker-0/INFO] - Forge: 40.2.9
[20:02:32] [modloading-worker-0/INFO] Dependencies:
[20:02:32] [modloading-worker-0/INFO] - Cloth Config: 6.4.90
[20:02:32] [modloading-worker-0/INFO] - Architectury: 4.11.93
[20:02:32] [modloading-worker-0/INFO] Mixin: 0.8.5
[20:02:32] [modloading-worker-0/INFO] OS: Windows 10 10.0 (amd64)
[20:02:32] [modloading-worker-0/INFO] Java: 18.0.1.1 (Oracle Corporation)
[20:02:32] [modloading-worker-0/INFO] ========================================
[20:02:32] [modloading-worker-0/INFO] Mods:
[20:02:32] [modloading-worker-0/INFO] - adaptive_performance_tweaks_core: 3.20.1
[20:02:32] [modloading-worker-0/INFO] - adaptive_performance_tweaks_items: 3.19.0
[20:02:32] [modloading-worker-0/INFO] - afptweaks: 1.18.2-1.2.3d
[20:02:32] [modloading-worker-0/INFO] - ageingspawners: 1.2.2
[20:02:32] [modloading-worker-0/INFO] - aiimprovements: 0.5.2
[20:02:32] [modloading-worker-0/INFO] - alexsdelight: 1.3.3
[20:02:32] [modloading-worker-0/INFO] - alexsmobs: 1.18.6
[20:02:32] [modloading-worker-0/INFO] - alternate_current: 0.0NONE
[20:02:32] [modloading-worker-0/INFO] - ambientsounds: 5.0.16
[20:02:32] [modloading-worker-0/INFO] - antiqueatlas: 7.1.1-forge-mc1.18.2
[20:02:32] [modloading-worker-0/INFO] - apotheosis: 5.7.7
[20:02:32] [modloading-worker-0/INFO] - aquamirae: 5.api10
[20:02:32] [modloading-worker-0/INFO] - architectury: 4.11.93
[20:02:32] [modloading-worker-0/INFO] - areas: 4.3
[20:02:32] [modloading-worker-0/INFO] - armorcurve: 3.0
[20:02:32] [modloading-worker-0/INFO] - armoreablemobs: 1.0.5
[20:02:32] [modloading-worker-0/INFO] - ars_nouveau: 2.9.0
[20:02:32] [modloading-worker-0/INFO] - atlaslib: 1.1.7a
[20:02:32] [modloading-worker-0/INFO] - attributefix: 14.0.2
[20:02:32] [modloading-worker-0/INFO] - autoreglib: 1.7-53
[20:02:32] [modloading-worker-0/INFO] - auudio: 1.0.3
[20:02:32] [modloading-worker-0/INFO] - awesomedungeonnether: 1.0.2
[20:02:32] [modloading-worker-0/INFO] - ba_bt: 1.18.2-2.3.10
[20:02:32] [modloading-worker-0/INFO] - badmobs: 13.01
[20:02:32] [modloading-worker-0/INFO] - balm: 3.2.6
[20:02:32] [modloading-worker-0/INFO] - bcc: 1.1.21-build.48+mc1.18.2
[20:02:32] [modloading-worker-0/INFO] - betterbiomeblend: 1.3.5-forge
[20:02:32] [modloading-worker-0/INFO] - betterdeserttemples: 1.18.2-Forge-1.3.1
[20:02:32] [modloading-worker-0/INFO] - betterdungeons: 1.18.2-Forge-2.1.0
[20:02:32] [modloading-worker-0/INFO] - betterfortresses: 1.18.2-Forge-1.0.0
[20:02:32] [modloading-worker-0/INFO] - bettergolem: 1.18.2-1.1.0
[20:02:32] [modloading-worker-0/INFO] - bettermineshafts: 1.18.2-Forge-2.2
[20:02:32] [modloading-worker-0/INFO] - betteroceanmonuments: 1.18.2-Forge-1.0.3
[20:02:32] [modloading-worker-0/INFO] - betterstrongholds: 1.18.2-Forge-2.1.1
[20:02:32] [modloading-worker-0/INFO] - bettervillage: 1
[20:02:32] [modloading-worker-0/INFO] - betterwitchhuts: 1.18.2-Forge-1.0.1
[20:02:32] [modloading-worker-0/INFO] - biomemakeover: 1.18.2-1.4.32
[20:02:32] [modloading-worker-0/INFO] - bloodandmadness: 2.0
[20:02:32] [modloading-worker-0/INFO] - blue_skies: 1.3.12
[20:02:32] [modloading-worker-0/INFO] - blueprint: 5.5.0
[20:02:32] [modloading-worker-0/INFO] - bookshelf: 13.3.56
[20:02:32] [modloading-worker-0/INFO] - braincell: 1.18
[20:02:32] [modloading-worker-0/INFO] - brutalbosses: 1.18.2-5.8
[20:02:32] [modloading-worker-0/INFO] - bwncr: 3.13.21
[20:02:32] [modloading-worker-0/INFO] - bygonenether: 1.2.2
[20:02:32] [modloading-worker-0/INFO] - callablehorses: 1.2.2.5
[20:02:32] [modloading-worker-0/INFO] - cataclysm: 1.0
[20:02:32] [modloading-worker-0/INFO] - cc: 1.0.17
[20:02:32] [modloading-worker-0/INFO] - celesteconfig: 1.0.0
[20:02:32] [modloading-worker-0/INFO] - champions: 1.18.2-2.1.6.3
[20:02:32] [modloading-worker-0/INFO] - chunky: 1.2.164
[20:02:32] [modloading-worker-0/INFO] - citadel: 1.11.3
[20:02:32] [modloading-worker-0/INFO] - cloth_config: 6.4.90
[20:02:32] [modloading-worker-0/INFO] - cloudstorage: 1.1.0
[20:02:32] [modloading-worker-0/INFO] - collective: 6.61
[20:02:32] [modloading-worker-0/INFO] - comforts: 1.18.2-5.0.0.6
[20:02:32] [modloading-worker-0/INFO] - conjurer_illager: 1.1.1
[20:02:32] [modloading-worker-0/INFO] - corpse: 1.18.2-1.0.1
[20:02:32] [modloading-worker-0/INFO] - crafttweaker: 9.1.207
[20:02:32] [modloading-worker-0/INFO] - create: 0.5.1.b
[20:02:32] [modloading-worker-0/INFO] - creativecore: 0.0NONE
[20:02:32] [modloading-worker-0/INFO] - creeperoverhaul: 1.3.1
[20:02:32] [modloading-worker-0/INFO] - curios: 1.18.2-5.0.9.1
[20:02:32] [modloading-worker-0/INFO] - dannys_expansion: 1.2.6
[20:02:32] [modloading-worker-0/INFO] - darkersouls: 1.0
[20:02:32] [modloading-worker-0/INFO] - dawncraft: 1.18.2-1.2.3d
[20:02:32] [modloading-worker-0/INFO] - dawncraft_fixes: 0.12.0
[20:02:32] [modloading-worker-0/INFO] - deleteitem: 2.0.3.1
[20:02:32] [modloading-worker-0/INFO] - difficultraids: 1.7.5-release
[20:02:32] [modloading-worker-0/INFO] - dogslie: 1.1.1
[20:02:32] [modloading-worker-0/INFO] - dragonmounts: 1.1.4
[20:02:32] [modloading-worker-0/INFO] - dummmmmmy: 1.18-1.5.2
[20:02:32] [modloading-worker-0/INFO] - dungeoncrawl: 2.3.12
[20:02:32] [modloading-worker-0/INFO] - dungeons_arise: 2.1.52-1.18.2
[20:02:32] [modloading-worker-0/INFO] - earthmobsmod: 1.18.2-1.4.0
[20:02:32] [modloading-worker-0/INFO] - easymagic: 3.3.0
[20:02:32] [modloading-worker-0/INFO] - ecologics: 1.7.11
[20:02:32] [modloading-worker-0/INFO] - efdg: 1.8
[20:02:32] [modloading-worker-0/INFO] - enchantlimiter: 2.0
[20:02:32] [modloading-worker-0/INFO] - enchantwithmob: 1.18.2-7.4.2
[20:02:32] [modloading-worker-0/INFO] - endrem: 5.2.0-R-1.18.2
[20:02:32] [modloading-worker-0/INFO] - enlightened_end: 4.0.0.1
[20:02:32] [modloading-worker-0/INFO] - epicfight: 18.3.8
[20:02:32] [modloading-worker-0/INFO] - farmersdelight: 1.18.2-1.2.1
[20:02:32] [modloading-worker-0/INFO] - farsightedmobs: 1.1
[20:02:32] [modloading-worker-0/INFO] - fastbench: 6.1.1
[20:02:32] [modloading-worker-0/INFO] - fastfurnace: 6.0.3
[20:02:32] [modloading-worker-0/INFO] - fastload: 8.2.1-+1.18.2
[20:02:32] [modloading-worker-0/INFO] - fastsuite: 3.0.2
[20:02:32] [modloading-worker-0/INFO] - feature_nbt_deadlock_be_gone: 2.0.0+1.18.2
[20:02:32] [modloading-worker-0/INFO] - ferritecore: 4.2.2
[20:02:32] [modloading-worker-0/INFO] - fixmyspawnr: 1.0.0
[20:02:32] [modloading-worker-0/INFO] - flywheel: 0.6.8.a
[20:02:32] [modloading-worker-0/INFO] - followme: 1.1.8a
[20:02:32] [modloading-worker-0/INFO] - forge: 40.2.9
[20:02:32] [modloading-worker-0/INFO] - ftbessentials: 1802.1.7-build.42
[20:02:32] [modloading-worker-0/INFO] - ftblibrary: 1802.3.11-build.177
[20:02:32] [modloading-worker-0/INFO] - ftbquests: 1802.3.14-build.191
[20:02:32] [modloading-worker-0/INFO] - ftbranks: 1802.1.11-build.71
[20:02:32] [modloading-worker-0/INFO] - ftbteams: 1802.2.10-build.96
[20:02:32] [modloading-worker-0/INFO] - fullstackwatchdog: 1.0.1+1.19.2-forge
[20:02:32] [modloading-worker-0/INFO] - gamestages: 8.1.3
[20:02:32] [modloading-worker-0/INFO] - geckolib3: 3.0.56
[20:02:32] [modloading-worker-0/INFO] - getittogetherdrops: 1.3
[20:02:32] [modloading-worker-0/INFO] - globaldataandresourcepacks: 1.12.4_forge
[20:02:32] [modloading-worker-0/INFO] - goblinsanddungeons: 1.0.8
[20:02:32] [modloading-worker-0/INFO] - goblintraders: 1.8.0
[20:02:32] [modloading-worker-0/INFO] - guardvillagers: 1.4.3
[20:02:32] [modloading-worker-0/INFO] - habitat: 1.1.5
[20:02:32] [modloading-worker-0/INFO] - hardermonsterboats: 39.1.1.0
[20:02:32] [modloading-worker-0/INFO] - hexerei: 0.2.2
[20:02:32] [modloading-worker-0/INFO] - hitindication: 1.2
[20:02:32] [modloading-worker-0/INFO] - humancompanions: 1.18.2-1.7.3
[20:02:32] [modloading-worker-0/INFO] - hunterillager: 1.18.2-4.0.1
[20:02:32] [modloading-worker-0/INFO] - iceberg: 1.0.49
[20:02:32] [modloading-worker-0/INFO] - idas: 1.6.6+1.18.2
[20:02:32] [modloading-worker-0/INFO] - illageandspillage: 1.1.3
[20:02:32] [modloading-worker-0/INFO] - immersive_weathering: 1.18.2-1.18.2-3.0.3
[20:02:32] [modloading-worker-0/INFO] - improvedmobs: 1.18.2-1.11.0
[20:02:32] [modloading-worker-0/INFO] - incendium: 5.0.7
[20:02:32] [modloading-worker-0/INFO] - incontrol: 1.18-6.1.9
[20:02:32] [modloading-worker-0/INFO] - insanelib: 1.5.3
[20:02:32] [modloading-worker-0/INFO] - integrated_api: 1.2.7+1.18.2
[20:02:32] [modloading-worker-0/INFO] - integrated_stronghold: 1.0.2+1.18.2
[20:02:32] [modloading-worker-0/INFO] - itemfilters: 1802.2.8-build.47
[20:02:32] [modloading-worker-0/INFO] - itemphysic: 1.6.0
[20:02:32] [modloading-worker-0/INFO] - itshallnottick: 1.0.22-build.34
[20:02:32] [modloading-worker-0/INFO] - jade: 5.3.0
[20:02:32] [modloading-worker-0/INFO] - jei: 9.9999
[20:02:32] [modloading-worker-0/INFO] - jeitweaker: 3.0.0.9
[20:02:32] [modloading-worker-0/INFO] - jet_and_elias_armors: 1.0.0
[20:02:32] [modloading-worker-0/INFO] - jumpboat: 1.18.2-0.1.0.3
[20:02:32] [modloading-worker-0/INFO] - kobolds: 2.1.2
[20:02:32] [modloading-worker-0/INFO] - krypton: 0.1.10-SNAPSHOT
[20:02:32] [modloading-worker-0/INFO] - lazydfu: 0.1.3
[20:02:32] [modloading-worker-0/INFO] - libraryferret: 3.0.0
[20:02:32] [modloading-worker-0/INFO] - libx: 1.18.2-3.2.19
[20:02:32] [modloading-worker-0/INFO] - lilwings: 1.2.4
[20:02:32] [modloading-worker-0/INFO] - limitedchunks: 1.8
[20:02:32] [modloading-worker-0/INFO] - logbegone: 1.0.4
[20:02:32] [modloading-worker-0/INFO] - logprot: 1.4
[20:02:32] [modloading-worker-0/INFO] - lootr: 0.3.24.61
[20:02:32] [modloading-worker-0/INFO] - magistuarmory: 7.11
[20:02:32] [modloading-worker-0/INFO] - majruszsdifficulty: 1.7.7
[20:02:32] [modloading-worker-0/INFO] - maxhealthfix: 5.0.1
[20:02:32] [modloading-worker-0/INFO] - meetyourfight: 1.18.2-1.2.5
[20:02:32] [modloading-worker-0/INFO] - mimic: 1.1.32
[20:02:32] [modloading-worker-0/INFO] - minecraft: 1.18.2
[20:02:32] [modloading-worker-0/INFO] - mixinextras: 0.2.0-beta.7
[20:02:32] [modloading-worker-0/INFO] - mlib: 4.3.2
[20:02:32] [modloading-worker-0/INFO] - modernfix: 5.0.2+mc1.18.2
[20:02:32] [modloading-worker-0/INFO] - monsterplus: 1.0
[20:02:32] [modloading-worker-0/INFO] - morevillagers: 3.2.0
[20:02:32] [modloading-worker-0/INFO] - mousetweaks: 2.21
[20:02:32] [modloading-worker-0/INFO] - mowziesmobs: 1.5.32
[20:02:32] [modloading-worker-0/INFO] - mutantmonsters: 3.0.1
[20:02:32] [modloading-worker-0/INFO] - netherportalfix: 9.0.0
[20:02:32] [modloading-worker-0/INFO] - nethersdelight: 2.2
[20:02:32] [modloading-worker-0/INFO] - netherskeletons: 4.8
[20:02:32] [modloading-worker-0/INFO] - nourished_nether: 1.1.5
[20:02:32] [modloading-worker-0/INFO] - nyfsquiver: 1.18.1-0.7.0
[20:02:32] [modloading-worker-0/INFO] - ob_core: 3.2.0
[20:02:32] [modloading-worker-0/INFO] - ob_tooltips: 1.4.1
[20:02:32] [modloading-worker-0/INFO] - obscure_api: 10
[20:02:32] [modloading-worker-0/INFO] - orcz: 0.74
[20:02:32] [modloading-worker-0/INFO] - paraglider: 1.6.0.5
[20:02:32] [modloading-worker-0/INFO] - passablefoliage: 4.2.1
[20:02:32] [modloading-worker-0/INFO] - patchouli: 1.18.2-71.1
[20:02:32] [modloading-worker-0/INFO] - pfm: 1.1.1
[20:02:32] [modloading-worker-0/INFO] - piglinproliferation: 1.0.0
[20:02:32] [modloading-worker-0/INFO] - pineapple_delight: 0.0NONE
[20:02:32] [modloading-worker-0/INFO] - placebo: 6.6.7
[20:02:32] [modloading-worker-0/INFO] - plushies: 1.2
[20:02:32] [modloading-worker-0/INFO] - pmmo: 1.18.2-3.69.11
[20:02:32] [modloading-worker-0/INFO] - polylib: 1801.0.2-build.13
[20:02:32] [modloading-worker-0/INFO] - polymorph: 1.18.2-0.46
[20:02:32] [modloading-worker-0/INFO] - presencenotrequired: 1.3.0
[20:02:32] [modloading-worker-0/INFO] - prism: 1.0.1
[20:02:32] [modloading-worker-0/INFO] - progressivebosses: 3.6.5
[20:02:32] [modloading-worker-0/INFO] - puzzleslib: 3.4.6
[20:02:32] [modloading-worker-0/INFO] - quark: 3.2-358
[20:02:32] [modloading-worker-0/INFO] - quest_giver: 1.18.2-1.0.10
[20:02:32] [modloading-worker-0/INFO] - recipestages: 3.0.0.10
[20:02:32] [modloading-worker-0/INFO] - rei_plugin_compatibilities: 8.0.46
[20:02:32] [modloading-worker-0/INFO] - reputation: 0.9.9
[20:02:32] [modloading-worker-0/INFO] - revamped_phantoms: 0.2.3
[20:02:32] [modloading-worker-0/INFO] - roughlyenoughitems: 8.3.594
[20:02:32] [modloading-worker-0/INFO] - saturn: 0.0.4
[20:02:32] [modloading-worker-0/INFO] - savage_and_ravage: 4.0.1
[20:02:32] [modloading-worker-0/INFO] - scattered_weapons: 1.0.0
[20:02:32] [modloading-worker-0/INFO] - secondchanceforge: 1.5.0
[20:02:32] [modloading-worker-0/INFO] - selene: 1.18.2-1.17.9
[20:02:32] [modloading-worker-0/INFO] - sereneseasons: 1.18.2-7.0.0.13
[20:02:32] [modloading-worker-0/INFO] - shrines: 1.18.2-4.1.0
[20:02:32] [modloading-worker-0/INFO] - simple_mobs: 0.9.6
[20:02:32] [modloading-worker-0/INFO] - simplebackups: 1.18.2-1.1.13
[20:02:32] [modloading-worker-0/INFO] - smoothchunk: 1.18.2-1.9
[20:02:32] [modloading-worker-0/INFO] - snuffles: 1.0.2
[20:02:32] [modloading-worker-0/INFO] - solapplepie: 1.18.2-1.0.4
[20:02:32] [modloading-worker-0/INFO] - sophisticatedbackpacks: 1.18.2-3.18.52.846
[20:02:32] [modloading-worker-0/INFO] - sophisticatedcore: 1.18.2-0.5.70.320
[20:02:32] [modloading-worker-0/INFO] - sound_physics_remastered: 1.18.2-1.0.6
[20:02:32] [modloading-worker-0/INFO] - spark: 1.9.11
[20:02:32] [modloading-worker-0/INFO] - stackablepotions: 1.0.0
[20:02:32] [modloading-worker-0/INFO] - starlight: 1.0.2+forge.83663de
[20:02:32] [modloading-worker-0/INFO] - starterkit: 5.0
[20:02:32] [modloading-worker-0/INFO] - storagedrawers: 10.2.1
[20:02:32] [modloading-worker-0/INFO] - strawgolem: 2.0.0-beta.5
[20:02:32] [modloading-worker-0/INFO] - structory: 0.0NONE
[20:02:32] [modloading-worker-0/INFO] - structure_gel: 2.4.7
[20:02:32] [modloading-worker-0/INFO] - supermartijn642configlib: 1.1.6
[20:02:32] [modloading-worker-0/INFO] - supermartijn642corelib: 1.1.9a
[20:02:32] [modloading-worker-0/INFO] - supplementaries: 1.18.2-1.5.18
[20:02:32] [modloading-worker-0/INFO] - tenshilib: 1.18.2-1.6.15
[20:02:32] [modloading-worker-0/INFO] - terrablender: 1.2.0.126
[20:02:32] [modloading-worker-0/INFO] - terralith: 0.0NONE
[20:02:32] [modloading-worker-0/INFO] - timeout_fixes: 1.18.1-1.0.0
[20:02:32] [modloading-worker-0/INFO] - tinyskeletons: 3.2.1
[20:02:32] [modloading-worker-0/INFO] - tlc: 1.0.1
[20:02:32] [modloading-worker-0/INFO] - toofast: 0.0.1.2
[20:02:32] [modloading-worker-0/INFO] - treechop: 0.17.7
[20:02:32] [modloading-worker-0/INFO] - tumbleweed: 1.18-0.5.4
[20:02:32] [modloading-worker-0/INFO] - untamedwilds: 2.4.0
[20:02:32] [modloading-worker-0/INFO] - unvotedandshelved: 1.18.2-2.0.6-forge
[20:02:32] [modloading-worker-0/INFO] - villagercomfort: 1.18.2-1.0.0
[20:02:32] [modloading-worker-0/INFO] - villagernames: 5.1
[20:02:32] [modloading-worker-0/INFO] - waila: 5.3.0
[20:02:32] [modloading-worker-0/INFO] - waystones: 10.2.1
[20:02:32] [modloading-worker-0/INFO] - weaponmaster: 3.0.3
[20:02:32] [modloading-worker-0/INFO] - wildbackport: 1.2.3
[20:02:32] [modloading-worker-0/INFO] - yungsapi: 1.18.2-Forge-2.2.9
[20:02:32] [modloading-worker-0/INFO] - yungsbridges: 1.18.2-Forge-2.1.0
[20:02:32] [modloading-worker-0/INFO] - yungsextras: 1.18.2-Forge-2.1.0
[20:02:32] [modloading-worker-0/INFO] - zensummoning: 1.3.8
[20:02:32] [modloading-worker-0/INFO] ========================================
[20:02:32] [modloading-worker-0/INFO] [REI] Registered plugin provider REI Plugin Compatibilities Server Handler [rei_plugin_compatibilities, jei] for REIPlugin
[20:02:32] [modloading-worker-0/INFO] [REI] Registered plugin provider DefaultPluginImpl [roughlyenoughitems] for REIServerPlugin
[20:02:32] [modloading-worker-0/INFO] [REI] Registered plugin provider DefaultPluginImpl [roughlyenoughitems] for REIPlugin
[20:02:32] [modloading-worker-0/INFO] [REI] Registered plugin provider DefaultRuntimePlugin [roughlyenoughitems] for REIServerPlugin
[20:02:32] [modloading-worker-0/INFO] [REI] Registered plugin provider DefaultRuntimePlugin [roughlyenoughitems] for REIPlugin
[20:02:32] [modloading-worker-0/INFO] [REI] Registered plugin provider REI Plugin Compatibilities Server Handler [rei_plugin_compatibilities, jei] for REIServerPlugin
[20:02:42] [Worker-Main-9/DEBUG] [REI] Processed 0 tags in 25.40 μs for shrines:random_variation/material
[20:02:42] [Worker-Main-7/DEBUG] [REI] Processed 0 tags in 6.900 μs for minecraft:dimension_type
[20:02:42] [Worker-Main-2/DEBUG] [REI] Processed 5 tags in 930.5 μs for minecraft:game_event
[20:02:42] [Worker-Main-10/DEBUG] [REI] Processed 10 tags in 55.10 μs for minecraft:fluid
[20:02:42] [Worker-Main-7/DEBUG] [REI] Processed 109 tags in 928.1 μs for minecraft:entity_type
[20:02:42] [Worker-Main-11/DEBUG] [REI] Processed 0 tags in 91.10 μs for minecraft:worldgen/configured_structure_feature
[20:02:42] [Worker-Main-7/DEBUG] [REI] Processed 1 tags in 39.60 μs for minecraft:worldgen/structure_feature
[20:02:42] [Worker-Main-1/DEBUG] [REI] Processed 816 tags in 6.369 ms for minecraft:item
[20:02:42] [Worker-Main-5/DEBUG] [REI] Processed 733 tags in 12.78 ms for minecraft:block
[20:02:42] [Worker-Main-3/DEBUG] [REI] Processed 0 tags in 86.10 μs for minecraft:worldgen/biome
[20:02:49] [Worker-Main-8/DEBUG] [REI] ========================================
[20:02:49] [Worker-Main-8/DEBUG] [REI] REIPlugin starting pre-reload for START.
[20:02:49] [Worker-Main-8/DEBUG] [REI] Reloadables (7):
[20:02:49] [Worker-Main-8/DEBUG] [REI]  - EntryTypeRegistryImpl
[20:02:49] [Worker-Main-8/DEBUG] [REI]  - EntrySettingsAdapterRegistryImpl
[20:02:49] [Worker-Main-8/DEBUG] [REI]  - RecipeManagerContextImpl
[20:02:49] [Worker-Main-8/DEBUG] [REI]  - ItemComparatorRegistryImpl
[20:02:49] [Worker-Main-8/DEBUG] [REI]  - FluidComparatorRegistryImpl
[20:02:49] [Worker-Main-8/DEBUG] [REI]  - DisplaySerializerRegistryImpl
[20:02:49] [Worker-Main-8/DEBUG] [REI]  - FluidSupportProviderImpl
[20:02:49] [Worker-Main-8/DEBUG] [REI] Plugins (3):
[20:02:49] [Worker-Main-8/DEBUG] [REI]  - (-100.00) DefaultPluginImpl of DefaultPluginImpl [roughlyenoughitems]
[20:02:49] [Worker-Main-8/DEBUG] [REI]  - (0.00) DefaultRuntimePlugin of DefaultRuntimePlugin [roughlyenoughitems]
[20:02:49] [Worker-Main-8/DEBUG] [REI]  - (0.00) REI Plugin Compatibilities Server Handler of REI Plugin Compatibilities Server Handler [rei_plugin_compatibilities, jei]
[20:02:49] [Worker-Main-8/DEBUG] [REI] ========================================
[20:02:49] [Worker-Main-8/TRACE] [REI] [REIPlugin START] Reloading Section: "pre-register/"
[20:02:49] [Worker-Main-8/TRACE] [REI] [REIPlugin START] Reloading Section: "pre-register/DefaultPluginImpl of DefaultPluginImpl [roughlyenoughitems]/"
[20:02:49] [Worker-Main-8/TRACE] [REI] [REIPlugin START] Reloading Section: "pre-register/DefaultPluginImpl of DefaultPluginImpl [roughlyenoughitems]/" done in 466.8 μs
[20:02:49] [Worker-Main-8/TRACE] [REI] [REIPlugin START] Reloading Section: "pre-register/DefaultRuntimePlugin of DefaultRuntimePlugin [roughlyenoughitems]/"
[20:02:49] [Worker-Main-8/TRACE] [REI] [REIPlugin START] Reloading Section: "pre-register/DefaultRuntimePlugin of DefaultRuntimePlugin [roughlyenoughitems]/" done in 5.900 μs
[20:02:49] [Worker-Main-8/TRACE] [REI] [REIPlugin START] Reloading Section: "pre-register/REI Plugin Compatibilities Server Handler of REI Plugin Compatibilities Server Handler [rei_plugin_compatibilities, jei]/"
[20:02:49] [Worker-Main-8/TRACE] [REI] [REIPlugin START] Reloading Section: "pre-register/REI Plugin Compatibilities Server Handler of REI Plugin Compatibilities Server Handler [rei_plugin_compatibilities, jei]/" done in 4.800 μs
[20:02:49] [Worker-Main-8/TRACE] [REI] [REIPlugin START] Reloading Section: "pre-register/" done in 7.305 ms
[20:02:49] [Worker-Main-8/DEBUG] [REI] ========================================
[20:02:49] [Worker-Main-8/DEBUG] [REI] REIPlugin finished pre-reload for START in 9.582 ms.
[20:02:49] [Worker-Main-8/DEBUG] [REI] ========================================
[20:02:49] [Worker-Main-8/DEBUG] [REI] ========================================
[20:02:49] [Worker-Main-8/DEBUG] [REI] REIServerPlugin starting pre-reload for START.
[20:02:49] [Worker-Main-8/DEBUG] [REI] Reloadables (1):
[20:02:49] [Worker-Main-8/DEBUG] [REI]  - MenuInfoRegistryImpl
[20:02:49] [Worker-Main-8/DEBUG] [REI] Plugins (3):
[20:02:49] [Worker-Main-8/DEBUG] [REI]  - (-100.00) DefaultPluginImpl of DefaultPluginImpl [roughlyenoughitems]
[20:02:49] [Worker-Main-8/DEBUG] [REI]  - (0.00) REI Plugin Compatibilities Server Handler of REI Plugin Compatibilities Server Handler [rei_plugin_compatibilities, jei]
[20:02:49] [Worker-Main-8/DEBUG] [REI]  - (0.00) DefaultRuntimePlugin of DefaultRuntimePlugin [roughlyenoughitems]
[20:02:49] [Worker-Main-8/DEBUG] [REI] ========================================
[20:02:49] [Worker-Main-8/TRACE] [REI] [REIServerPlugin START] Reloading Section: "pre-register/"
[20:02:49] [Worker-Main-8/TRACE] [REI] [REIServerPlugin START] Reloading Section: "pre-register/DefaultPluginImpl of DefaultPluginImpl [roughlyenoughitems]/"
[20:02:49] [Worker-Main-8/TRACE] [REI] [REIServerPlugin START] Reloading Section: "pre-register/DefaultPluginImpl of DefaultPluginImpl [roughlyenoughitems]/" done in 7.900 μs
[20:02:49] [Worker-Main-8/TRACE] [REI] [REIServerPlugin START] Reloading Section: "pre-register/REI Plugin Compatibilities Server Handler of REI Plugin Compatibilities Server Handler [rei_plugin_compatibilities, jei]/"
[20:02:49] [Worker-Main-8/TRACE] [REI] [REIServerPlugin START] Reloading Section: "pre-register/REI Plugin Compatibilities Server Handler of REI Plugin Compatibilities Server Handler [rei_plugin_compatibilities, jei]/" done in 4.300 μs
[20:02:49] [Worker-Main-8/TRACE] [REI] [REIServerPlugin START] Reloading Section: "pre-register/DefaultRuntimePlugin of DefaultRuntimePlugin [roughlyenoughitems]/"
[20:02:49] [Worker-Main-8/TRACE] [REI] [REIServerPlugin START] Reloading Section: "pre-register/DefaultRuntimePlugin of DefaultRuntimePlugin [roughlyenoughitems]/" done in 3.300 μs
[20:02:49] [Worker-Main-8/TRACE] [REI] [REIServerPlugin START] Reloading Section: "pre-register/" done in 172.9 μs
[20:02:49] [Worker-Main-8/DEBUG] [REI] ========================================
[20:02:49] [Worker-Main-8/DEBUG] [REI] REIServerPlugin finished pre-reload for START in 209.5 μs.
[20:02:49] [Worker-Main-8/DEBUG] [REI] ========================================
[20:02:49] [Worker-Main-8/INFO] [REI] ########################################
[20:02:49] [Worker-Main-8/INFO] [REI] REIPlugin starting main-reload for START.
[20:02:49] [Worker-Main-8/DEBUG] [REI] Reloadables (7):
[20:02:49] [Worker-Main-8/DEBUG] [REI]  - EntryTypeRegistryImpl
[20:02:49] [Worker-Main-8/DEBUG] [REI]  - EntrySettingsAdapterRegistryImpl
[20:02:49] [Worker-Main-8/DEBUG] [REI]  - RecipeManagerContextImpl
[20:02:49] [Worker-Main-8/DEBUG] [REI]  - ItemComparatorRegistryImpl
[20:02:49] [Worker-Main-8/DEBUG] [REI]  - FluidComparatorRegistryImpl
[20:02:49] [Worker-Main-8/DEBUG] [REI]  - DisplaySerializerRegistryImpl
[20:02:49] [Worker-Main-8/DEBUG] [REI]  - FluidSupportProviderImpl
[20:02:49] [Worker-Main-8/INFO] [REI] Plugins (3):
[20:02:49] [Worker-Main-8/INFO] [REI]  - (-100.00) DefaultPluginImpl of DefaultPluginImpl [roughlyenoughitems]
[20:02:49] [Worker-Main-8/INFO] [REI]  - (0.00) DefaultRuntimePlugin of DefaultRuntimePlugin [roughlyenoughitems]
[20:02:49] [Worker-Main-8/INFO] [REI]  - (0.00) REI Plugin Compatibilities Server Handler of REI Plugin Compatibilities Server Handler [rei_plugin_compatibilities, jei]
[20:02:49] [Worker-Main-8/INFO] [REI] ########################################
[20:02:49] [Worker-Main-8/TRACE] [REI] [REIPlugin START] Reloading Section: "start-reload/"
[20:02:49] [Worker-Main-8/TRACE] [REI] [REIPlugin START] Reloading Section: "start-reload/EntryTypeRegistryImpl/"
[20:02:49] [Worker-Main-8/TRACE] [REI] [REIPlugin START] Reloading Section: "start-reload/EntryTypeRegistryImpl/" done in 117.0 μs
[20:02:49] [Worker-Main-8/TRACE] [REI] [REIPlugin START] Reloading Section: "start-reload/EntrySettingsAdapterRegistryImpl/"
[20:02:49] [Worker-Main-8/TRACE] [REI] [REIPlugin START] Reloading Section: "start-reload/EntrySettingsAdapterRegistryImpl/" done in 5.200 μs
[20:02:49] [Worker-Main-8/TRACE] [REI] [REIPlugin START] Reloading Section: "start-reload/RecipeManagerContextImpl/"
[20:02:49] [Worker-Main-8/TRACE] [REI] [REIPlugin START] Reloading Section: "start-reload/RecipeManagerContextImpl/" done in 2.800 μs
[20:02:49] [Worker-Main-8/TRACE] [REI] [REIPlugin START] Reloading Section: "start-reload/ItemComparatorRegistryImpl/"
[20:02:49] [Worker-Main-8/TRACE] [REI] [REIPlugin START] Reloading Section: "start-reload/ItemComparatorRegistryImpl/" done in 11.60 μs
[20:02:49] [Worker-Main-8/TRACE] [REI] [REIPlugin START] Reloading Section: "start-reload/FluidComparatorRegistryImpl/"
[20:02:49] [Worker-Main-8/TRACE] [REI] [REIPlugin START] Reloading Section: "start-reload/FluidComparatorRegistryImpl/" done in 4.100 μs
[20:02:49] [Worker-Main-8/TRACE] [REI] [REIPlugin START] Reloading Section: "start-reload/DisplaySerializerRegistryImpl/"
[20:02:49] [Worker-Main-8/TRACE] [REI] [REIPlugin START] Reloading Section: "start-reload/DisplaySerializerRegistryImpl/" done in 2.600 μs
[20:02:49] [Worker-Main-8/TRACE] [REI] [REIPlugin START] Reloading Section: "start-reload/FluidSupportProviderImpl/"
[20:02:49] [Worker-Main-8/TRACE] [REI] [REIPlugin START] Reloading Section: "start-reload/FluidSupportProviderImpl/" done in 8.900 μs
[20:02:49] [Worker-Main-8/TRACE] [REI] [REIPlugin START] Reloading Section: "start-reload/" done in 484.6 μs
[20:02:49] [Worker-Main-8/DEBUG] [REI] ========================================
[20:02:49] [Worker-Main-8/DEBUG] [REI] REIPlugin started main-reload for START.
[20:02:49] [Worker-Main-8/DEBUG] [REI] ========================================
[20:02:49] [Worker-Main-8/TRACE] [REI] [REIPlugin START] Reloading Section: "reloadable-plugin/EntryTypeRegistryImpl/"
[20:02:49] [Worker-Main-8/TRACE] [REI] [REIPlugin START] Reloading Section: "reloadable-plugin/EntryTypeRegistryImpl/DefaultPluginImpl of DefaultPluginImpl [roughlyenoughitems]/"
[20:02:49] [Worker-Main-8/TRACE] [REI] [REIPlugin START] Reloading Section: "reloadable-plugin/EntryTypeRegistryImpl/DefaultPluginImpl of DefaultPluginImpl [roughlyenoughitems]/" done in 101.4 μs
[20:02:49] [Worker-Main-8/TRACE] [REI] [REIPlugin START] Reloading Section: "reloadable-plugin/EntryTypeRegistryImpl/DefaultRuntimePlugin of DefaultRuntimePlugin [roughlyenoughitems]/"
[20:02:49] [Worker-Main-8/TRACE] [REI] [REIPlugin START] Reloading Section: "reloadable-plugin/EntryTypeRegistryImpl/DefaultRuntimePlugin of DefaultRuntimePlugin [roughlyenoughitems]/" done in 5.102 ms
[20:02:49] [Worker-Main-8/TRACE] [REI] [REIPlugin START] Reloading Section: "reloadable-plugin/EntryTypeRegistryImpl/REI Plugin Compatibilities Server Handler of REI Plugin Compatibilities Server Handler [rei_plugin_compatibilities, jei]/"
[20:02:49] [Worker-Main-8/TRACE] [REI] [REIPlugin START] Reloading Section: "reloadable-plugin/EntryTypeRegistryImpl/REI Plugin Compatibilities Server Handler of REI Plugin Compatibilities Server Handler [rei_plugin_compatibilities, jei]/" done in 6.600 μs
[20:02:49] [Worker-Main-8/TRACE] [REI] [REIPlugin START] Reloading Section: "reloadable-plugin/EntryTypeRegistryImpl/" done in 5.562 ms
[20:02:49] [Worker-Main-8/TRACE] [REI] [REIPlugin START] Reloading Section: "reloadable-plugin/EntrySettingsAdapterRegistryImpl/"
[20:02:49] [Worker-Main-8/TRACE] [REI] [REIPlugin START] Reloading Section: "reloadable-plugin/EntrySettingsAdapterRegistryImpl/DefaultPluginImpl of DefaultPluginImpl [roughlyenoughitems]/"
[20:02:49] [Worker-Main-8/TRACE] [REI] [REIPlugin START] Reloading Section: "reloadable-plugin/EntrySettingsAdapterRegistryImpl/DefaultPluginImpl of DefaultPluginImpl [roughlyenoughitems]/" done in 5.100 μs
[20:02:49] [Worker-Main-8/TRACE] [REI] [REIPlugin START] Reloading Section: "reloadable-plugin/EntrySettingsAdapterRegistryImpl/DefaultRuntimePlugin of DefaultRuntimePlugin [roughlyenoughitems]/"
[20:02:49] [Worker-Main-8/TRACE] [REI] [REIPlugin START] Reloading Section: "reloadable-plugin/EntrySettingsAdapterRegistryImpl/DefaultRuntimePlugin of DefaultRuntimePlugin [roughlyenoughitems]/" done in 4.900 μs
[20:02:49] [Worker-Main-8/TRACE] [REI] [REIPlugin START] Reloading Section: "reloadable-plugin/EntrySettingsAdapterRegistryImpl/REI Plugin Compatibilities Server Handler of REI Plugin Compatibilities Server Handler [rei_plugin_compatibilities, jei]/"
[20:02:49] [Worker-Main-8/TRACE] [REI] [REIPlugin START] Reloading Section: "reloadable-plugin/EntrySettingsAdapterRegistryImpl/REI Plugin Compatibilities Server Handler of REI Plugin Compatibilities Server Handler [rei_plugin_compatibilities, jei]/" done in 5.000 μs
[20:02:49] [Worker-Main-8/TRACE] [REI] [REIPlugin START] Reloading Section: "reloadable-plugin/EntrySettingsAdapterRegistryImpl/" done in 166.9 μs
[20:02:49] [Worker-Main-8/TRACE] [REI] [REIPlugin START] Reloading Section: "reloadable-plugin/RecipeManagerContextImpl/"
[20:02:49] [Worker-Main-8/TRACE] [REI] [REIPlugin START] Reloading Section: "reloadable-plugin/RecipeManagerContextImpl/DefaultPluginImpl of DefaultPluginImpl [roughlyenoughitems]/"
[20:02:49] [Worker-Main-8/TRACE] [REI] [REIPlugin START] Reloading Section: "reloadable-plugin/RecipeManagerContextImpl/DefaultPluginImpl of DefaultPluginImpl [roughlyenoughitems]/" done in 4.700 μs
[20:02:49] [Worker-Main-8/TRACE] [REI] [REIPlugin START] Reloading Section: "reloadable-plugin/RecipeManagerContextImpl/DefaultRuntimePlugin of DefaultRuntimePlugin [roughlyenoughitems]/"
[20:02:49] [Worker-Main-8/TRACE] [REI] [REIPlugin START] Reloading Section: "reloadable-plugin/RecipeManagerContextImpl/DefaultRuntimePlugin of DefaultRuntimePlugin [roughlyenoughitems]/" done in 5.100 μs
[20:02:49] [Worker-Main-8/TRACE] [REI] [REIPlugin START] Reloading Section: "reloadable-plugin/RecipeManagerContextImpl/REI Plugin Compatibilities Server Handler of REI Plugin Compatibilities Server Handler [rei_plugin_compatibilities, jei]/"
[20:02:49] [Worker-Main-8/TRACE] [REI] [REIPlugin START] Reloading Section: "reloadable-plugin/RecipeManagerContextImpl/REI Plugin Compatibilities Server Handler of REI Plugin Compatibilities Server Handler [rei_plugin_compatibilities, jei]/" done in 4.800 μs
[20:02:49] [Worker-Main-8/TRACE] [REI] [REIPlugin START] Reloading Section: "reloadable-plugin/RecipeManagerContextImpl/" done in 145.8 μs
[20:02:49] [Worker-Main-8/TRACE] [REI] [REIPlugin START] Reloading Section: "reloadable-plugin/ItemComparatorRegistryImpl/"
[20:02:49] [Worker-Main-8/TRACE] [REI] [REIPlugin START] Reloading Section: "reloadable-plugin/ItemComparatorRegistryImpl/DefaultPluginImpl of DefaultPluginImpl [roughlyenoughitems]/"
[20:02:49] [Worker-Main-8/TRACE] [REI] [REIPlugin START] Reloading Section: "reloadable-plugin/ItemComparatorRegistryImpl/DefaultPluginImpl of DefaultPluginImpl [roughlyenoughitems]/" done in 535.3 μs
[20:02:49] [Worker-Main-8/TRACE] [REI] [REIPlugin START] Reloading Section: "reloadable-plugin/ItemComparatorRegistryImpl/DefaultRuntimePlugin of DefaultRuntimePlugin [roughlyenoughitems]/"
[20:02:49] [Worker-Main-8/TRACE] [REI] [REIPlugin START] Reloading Section: "reloadable-plugin/ItemComparatorRegistryImpl/DefaultRuntimePlugin of DefaultRuntimePlugin [roughlyenoughitems]/" done in 7.000 μs
[20:02:49] [Worker-Main-8/TRACE] [REI] [REIPlugin START] Reloading Section: "reloadable-plugin/ItemComparatorRegistryImpl/REI Plugin Compatibilities Server Handler of REI Plugin Compatibilities Server Handler [rei_plugin_compatibilities, jei]/"
[20:02:49] [Worker-Main-8/TRACE] [REI] [REIPlugin START] Reloading Section: "reloadable-plugin/ItemComparatorRegistryImpl/REI Plugin Compatibilities Server Handler of REI Plugin Compatibilities Server Handler [rei_plugin_compatibilities, jei]/" done in 5.000 μs
[20:02:49] [Worker-Main-8/TRACE] [REI] [REIPlugin START] Reloading Section: "reloadable-plugin/ItemComparatorRegistryImpl/" done in 745.4 μs
[20:02:49] [Worker-Main-8/TRACE] [REI] [REIPlugin START] Reloading Section: "reloadable-plugin/FluidComparatorRegistryImpl/"
[20:02:49] [Worker-Main-8/TRACE] [REI] [REIPlugin START] Reloading Section: "reloadable-plugin/FluidComparatorRegistryImpl/DefaultPluginImpl of DefaultPluginImpl [roughlyenoughitems]/"
[20:02:49] [Worker-Main-8/TRACE] [REI] [REIPlugin START] Reloading Section: "reloadable-plugin/FluidComparatorRegistryImpl/DefaultPluginImpl of DefaultPluginImpl [roughlyenoughitems]/" done in 8.700 μs
[20:02:49] [Worker-Main-8/TRACE] [REI] [REIPlugin START] Reloading Section: "reloadable-plugin/FluidComparatorRegistryImpl/DefaultRuntimePlugin of DefaultRuntimePlugin [roughlyenoughitems]/"
[20:02:49] [Worker-Main-8/TRACE] [REI] [REIPlugin START] Reloading Section: "reloadable-plugin/FluidComparatorRegistryImpl/DefaultRuntimePlugin of DefaultRuntimePlugin [roughlyenoughitems]/" done in 7.100 μs
[20:02:49] [Worker-Main-8/TRACE] [REI] [REIPlugin START] Reloading Section: "reloadable-plugin/FluidComparatorRegistryImpl/REI Plugin Compatibilities Server Handler of REI Plugin Compatibilities Server Handler [rei_plugin_compatibilities, jei]/"
[20:02:49] [Worker-Main-8/TRACE] [REI] [REIPlugin START] Reloading Section: "reloadable-plugin/FluidComparatorRegistryImpl/REI Plugin Compatibilities Server Handler of REI Plugin Compatibilities Server Handler [rei_plugin_compatibilities, jei]/" done in 6.800 μs
[20:02:49] [Worker-Main-8/TRACE] [REI] [REIPlugin START] Reloading Section: "reloadable-plugin/FluidComparatorRegistryImpl/" done in 304.4 μs
[20:02:49] [Worker-Main-8/TRACE] [REI] [REIPlugin START] Reloading Section: "reloadable-plugin/DisplaySerializerRegistryImpl/"
[20:02:49] [Worker-Main-8/TRACE] [REI] [REIPlugin START] Reloading Section: "reloadable-plugin/DisplaySerializerRegistryImpl/DefaultPluginImpl of DefaultPluginImpl [roughlyenoughitems]/"
[20:02:49] [Worker-Main-8/TRACE] [REI] [REIPlugin START] Reloading Section: "reloadable-plugin/DisplaySerializerRegistryImpl/DefaultPluginImpl of DefaultPluginImpl [roughlyenoughitems]/" done in 4.300 μs
[20:02:49] [Worker-Main-8/TRACE] [REI] [REIPlugin START] Reloading Section: "reloadable-plugin/DisplaySerializerRegistryImpl/DefaultRuntimePlugin of DefaultRuntimePlugin [roughlyenoughitems]/"
[20:02:49] [Worker-Main-8/TRACE] [REI] [REIPlugin START] Reloading Section: "reloadable-plugin/DisplaySerializerRegistryImpl/DefaultRuntimePlugin of DefaultRuntimePlugin [roughlyenoughitems]/" done in 4.700 μs
[20:02:49] [Worker-Main-8/TRACE] [REI] [REIPlugin START] Reloading Section: "reloadable-plugin/DisplaySerializerRegistryImpl/REI Plugin Compatibilities Server Handler of REI Plugin Compatibilities Server Handler [rei_plugin_compatibilities, jei]/"
[20:02:49] [Worker-Main-8/TRACE] [REI] [REIPlugin START] Reloading Section: "reloadable-plugin/DisplaySerializerRegistryImpl/REI Plugin Compatibilities Server Handler of REI Plugin Compatibilities Server Handler [rei_plugin_compatibilities, jei]/" done in 4.400 μs
[20:02:49] [Worker-Main-8/TRACE] [REI] [REIPlugin START] Reloading Section: "reloadable-plugin/DisplaySerializerRegistryImpl/" done in 139.4 μs
[20:02:49] [Worker-Main-8/TRACE] [REI] [REIPlugin START] Reloading Section: "reloadable-plugin/FluidSupportProviderImpl/"
[20:02:49] [Worker-Main-8/TRACE] [REI] [REIPlugin START] Reloading Section: "reloadable-plugin/FluidSupportProviderImpl/DefaultPluginImpl of DefaultPluginImpl [roughlyenoughitems]/"
[20:02:49] [Worker-Main-8/TRACE] [REI] [REIPlugin START] Reloading Section: "reloadable-plugin/FluidSupportProviderImpl/DefaultPluginImpl of DefaultPluginImpl [roughlyenoughitems]/" done in 502.0 μs
[20:02:49] [Worker-Main-8/TRACE] [REI] [REIPlugin START] Reloading Section: "reloadable-plugin/FluidSupportProviderImpl/DefaultRuntimePlugin of DefaultRuntimePlugin [roughlyenoughitems]/"
[20:02:49] [Worker-Main-8/TRACE] [REI] [REIPlugin START] Reloading Section: "reloadable-plugin/FluidSupportProviderImpl/DefaultRuntimePlugin of DefaultRuntimePlugin [roughlyenoughitems]/" done in 6.700 μs
[20:02:49] [Worker-Main-8/TRACE] [REI] [REIPlugin START] Reloading Section: "reloadable-plugin/FluidSupportProviderImpl/REI Plugin Compatibilities Server Handler of REI Plugin Compatibilities Server Handler [rei_plugin_compatibilities, jei]/"
[20:02:49] [Worker-Main-8/TRACE] [REI] [REIPlugin START] Reloading Section: "reloadable-plugin/FluidSupportProviderImpl/REI Plugin Compatibilities Server Handler of REI Plugin Compatibilities Server Handler [rei_plugin_compatibilities, jei]/" done in 4.700 μs
[20:02:49] [Worker-Main-8/TRACE] [REI] [REIPlugin START] Reloading Section: "reloadable-plugin/FluidSupportProviderImpl/" done in 723.3 μs
[20:02:49] [Worker-Main-8/DEBUG] [REI] ========================================
[20:02:49] [Worker-Main-8/DEBUG] [REI] REIPlugin ending main-reload for START.
[20:02:49] [Worker-Main-8/DEBUG] [REI] ========================================
[20:02:49] [Worker-Main-8/TRACE] [REI] [REIPlugin START] Reloading Section: "end-reload/"
[20:02:49] [Worker-Main-8/TRACE] [REI] [REIPlugin START] Reloading Section: "end-reload/EntryTypeRegistryImpl/"
[20:02:49] [Worker-Main-8/TRACE] [REI] [REIPlugin START] Reloading Section: "end-reload/EntryTypeRegistryImpl/" done in 6.800 μs
[20:02:49] [Worker-Main-8/TRACE] [REI] [REIPlugin START] Reloading Section: "end-reload/EntrySettingsAdapterRegistryImpl/"
[20:02:49] [Worker-Main-8/TRACE] [REI] [REIPlugin START] Reloading Section: "end-reload/EntrySettingsAdapterRegistryImpl/" done in 2.500 μs
[20:02:49] [Worker-Main-8/TRACE] [REI] [REIPlugin START] Reloading Section: "end-reload/RecipeManagerContextImpl/"
[20:02:49] [Worker-Main-8/TRACE] [REI] [REIPlugin START] Reloading Section: "end-reload/RecipeManagerContextImpl/" done in 2.400 μs
[20:02:49] [Worker-Main-8/TRACE] [REI] [REIPlugin START] Reloading Section: "end-reload/ItemComparatorRegistryImpl/"
[20:02:49] [Worker-Main-8/TRACE] [REI] [REIPlugin START] Reloading Section: "end-reload/ItemComparatorRegistryImpl/" done in 2.800 μs
[20:02:49] [Worker-Main-8/TRACE] [REI] [REIPlugin START] Reloading Section: "end-reload/FluidComparatorRegistryImpl/"
[20:02:49] [Worker-Main-8/TRACE] [REI] [REIPlugin START] Reloading Section: "end-reload/FluidComparatorRegistryImpl/" done in 2.500 μs
[20:02:49] [Worker-Main-8/TRACE] [REI] [REIPlugin START] Reloading Section: "end-reload/DisplaySerializerRegistryImpl/"
[20:02:49] [Worker-Main-8/TRACE] [REI] [REIPlugin START] Reloading Section: "end-reload/DisplaySerializerRegistryImpl/" done in 2.200 μs
[20:02:49] [Worker-Main-8/TRACE] [REI] [REIPlugin START] Reloading Section: "end-reload/FluidSupportProviderImpl/"
[20:02:49] [Worker-Main-8/TRACE] [REI] [REIPlugin START] Reloading Section: "end-reload/FluidSupportProviderImpl/" done in 2.300 μs
[20:02:49] [Worker-Main-8/TRACE] [REI] [REIPlugin START] Reloading Section: "end-reload/" done in 402.6 μs
[20:02:49] [Worker-Main-8/DEBUG] [REI] ========================================
[20:02:49] [Worker-Main-8/DEBUG] [REI] REIPlugin ended main-reload for START in 9.782 ms.
[20:02:49] [Worker-Main-8/DEBUG] [REI] ========================================
[20:02:49] [Worker-Main-8/INFO] [REI] ****************************************
[20:02:49] [Worker-Main-8/INFO] [REI] REIServerPlugin starting main-reload for START.
[20:02:49] [Worker-Main-8/DEBUG] [REI] Reloadables (1):
[20:02:49] [Worker-Main-8/DEBUG] [REI]  - MenuInfoRegistryImpl
[20:02:49] [Worker-Main-8/INFO] [REI] Plugins (3):
[20:02:49] [Worker-Main-8/INFO] [REI]  - (-100.00) DefaultPluginImpl of DefaultPluginImpl [roughlyenoughitems]
[20:02:49] [Worker-Main-8/INFO] [REI]  - (0.00) REI Plugin Compatibilities Server Handler of REI Plugin Compatibilities Server Handler [rei_plugin_compatibilities, jei]
[20:02:49] [Worker-Main-8/INFO] [REI]  - (0.00) DefaultRuntimePlugin of DefaultRuntimePlugin [roughlyenoughitems]
[20:02:49] [Worker-Main-8/INFO] [REI] ****************************************
[20:02:49] [Worker-Main-8/TRACE] [REI] [REIServerPlugin START] Reloading Section: "start-reload/"
[20:02:49] [Worker-Main-8/TRACE] [REI] [REIServerPlugin START] Reloading Section: "start-reload/MenuInfoRegistryImpl/"
[20:02:49] [Worker-Main-8/TRACE] [REI] [REIServerPlugin START] Reloading Section: "start-reload/MenuInfoRegistryImpl/" done in 4.000 μs
[20:02:49] [Worker-Main-8/TRACE] [REI] [REIServerPlugin START] Reloading Section: "start-reload/" done in 40.80 μs
[20:02:49] [Worker-Main-8/DEBUG] [REI] ========================================
[20:02:49] [Worker-Main-8/DEBUG] [REI] REIServerPlugin started main-reload for START.
[20:02:49] [Worker-Main-8/DEBUG] [REI] ========================================
[20:02:49] [Worker-Main-8/TRACE] [REI] [REIServerPlugin START] Reloading Section: "reloadable-plugin/MenuInfoRegistryImpl/"
[20:02:49] [Worker-Main-8/TRACE] [REI] [REIServerPlugin START] Reloading Section: "reloadable-plugin/MenuInfoRegistryImpl/DefaultPluginImpl of DefaultPluginImpl [roughlyenoughitems]/"
[20:02:49] [Worker-Main-8/TRACE] [REI] [REIServerPlugin START] Reloading Section: "reloadable-plugin/MenuInfoRegistryImpl/DefaultPluginImpl of DefaultPluginImpl [roughlyenoughitems]/" done in 4.000 μs
[20:02:49] [Worker-Main-8/TRACE] [REI] [REIServerPlugin START] Reloading Section: "reloadable-plugin/MenuInfoRegistryImpl/REI Plugin Compatibilities Server Handler of REI Plugin Compatibilities Server Handler [rei_plugin_compatibilities, jei]/"
[20:02:49] [Worker-Main-8/TRACE] [REI] [REIServerPlugin START] Reloading Section: "reloadable-plugin/MenuInfoRegistryImpl/REI Plugin Compatibilities Server Handler of REI Plugin Compatibilities Server Handler [rei_plugin_compatibilities, jei]/" done in 4.300 μs
[20:02:49] [Worker-Main-8/TRACE] [REI] [REIServerPlugin START] Reloading Section: "reloadable-plugin/MenuInfoRegistryImpl/DefaultRuntimePlugin of DefaultRuntimePlugin [roughlyenoughitems]/"
[20:02:49] [Worker-Main-8/TRACE] [REI] [REIServerPlugin START] Reloading Section: "reloadable-plugin/MenuInfoRegistryImpl/DefaultRuntimePlugin of DefaultRuntimePlugin [roughlyenoughitems]/" done in 3.800 μs
[20:02:49] [Worker-Main-8/TRACE] [REI] [REIServerPlugin START] Reloading Section: "reloadable-plugin/MenuInfoRegistryImpl/" done in 156.8 μs
[20:02:49] [Worker-Main-8/DEBUG] [REI] ========================================
[20:02:49] [Worker-Main-8/DEBUG] [REI] REIServerPlugin ending main-reload for START.
[20:02:49] [Worker-Main-8/DEBUG] [REI] ========================================
[20:02:49] [Worker-Main-8/TRACE] [REI] [REIServerPlugin START] Reloading Section: "end-reload/"
[20:02:49] [Worker-Main-8/TRACE] [REI] [REIServerPlugin START] Reloading Section: "end-reload/MenuInfoRegistryImpl/"
[20:02:49] [Worker-Main-8/TRACE] [REI] [REIServerPlugin START] Reloading Section: "end-reload/MenuInfoRegistryImpl/" done in 2.600 μs
[20:02:49] [Worker-Main-8/TRACE] [REI] [REIServerPlugin START] Reloading Section: "end-reload/" done in 35.80 μs
[20:02:49] [Worker-Main-8/DEBUG] [REI] ========================================
[20:02:49] [Worker-Main-8/DEBUG] [REI] REIServerPlugin ended main-reload for START in 521.4 μs.
[20:02:49] [Worker-Main-8/DEBUG] [REI] ========================================
[20:02:49] [Worker-Main-8/DEBUG] [REI] ========================================
[20:02:49] [Worker-Main-8/DEBUG] [REI] REIPlugin starting post-reload for START.
[20:02:49] [Worker-Main-8/DEBUG] [REI] Reloadables (7):
[20:02:49] [Worker-Main-8/DEBUG] [REI]  - EntryTypeRegistryImpl
[20:02:49] [Worker-Main-8/DEBUG] [REI]  - EntrySettingsAdapterRegistryImpl
[20:02:49] [Worker-Main-8/DEBUG] [REI]  - RecipeManagerContextImpl
[20:02:49] [Worker-Main-8/DEBUG] [REI]  - ItemComparatorRegistryImpl
[20:02:49] [Worker-Main-8/DEBUG] [REI]  - FluidComparatorRegistryImpl
[20:02:49] [Worker-Main-8/DEBUG] [REI]  - DisplaySerializerRegistryImpl
[20:02:49] [Worker-Main-8/DEBUG] [REI]  - FluidSupportProviderImpl
[20:02:49] [Worker-Main-8/DEBUG] [REI] Plugins (3):
[20:02:49] [Worker-Main-8/DEBUG] [REI]  - (-100.00) DefaultPluginImpl of DefaultPluginImpl [roughlyenoughitems]
[20:02:49] [Worker-Main-8/DEBUG] [REI]  - (0.00) DefaultRuntimePlugin of DefaultRuntimePlugin [roughlyenoughitems]
[20:02:49] [Worker-Main-8/DEBUG] [REI]  - (0.00) REI Plugin Compatibilities Server Handler of REI Plugin Compatibilities Server Handler [rei_plugin_compatibilities, jei]
[20:02:49] [Worker-Main-8/DEBUG] [REI] ========================================
[20:02:49] [Worker-Main-8/TRACE] [REI] [REIPlugin START] Reloading Section: "post-register/"
[20:02:49] [Worker-Main-8/TRACE] [REI] [REIPlugin START] Reloading Section: "post-register/DefaultPluginImpl of DefaultPluginImpl [roughlyenoughitems]/"
[20:02:49] [Worker-Main-8/TRACE] [REI] [REIPlugin START] Reloading Section: "post-register/DefaultPluginImpl of DefaultPluginImpl [roughlyenoughitems]/" done in 94.60 μs
[20:02:49] [Worker-Main-8/TRACE] [REI] [REIPlugin START] Reloading Section: "post-register/DefaultRuntimePlugin of DefaultRuntimePlugin [roughlyenoughitems]/"
[20:02:49] [Worker-Main-8/TRACE] [REI] [REIPlugin START] Reloading Section: "post-register/DefaultRuntimePlugin of DefaultRuntimePlugin [roughlyenoughitems]/" done in 4.500 μs
[20:02:49] [Worker-Main-8/TRACE] [REI] [REIPlugin START] Reloading Section: "post-register/REI Plugin Compatibilities Server Handler of REI Plugin Compatibilities Server Handler [rei_plugin_compatibilities, jei]/"
[20:02:49] [Worker-Main-8/TRACE] [REI] [REIPlugin START] Reloading Section: "post-register/REI Plugin Compatibilities Server Handler of REI Plugin Compatibilities Server Handler [rei_plugin_compatibilities, jei]/" done in 3.300 μs
[20:02:49] [Worker-Main-8/TRACE] [REI] [REIPlugin START] Reloading Section: "post-register/" done in 412.4 μs
[20:02:49] [Worker-Main-8/DEBUG] [REI] ========================================
[20:02:49] [Worker-Main-8/INFO] [REI] REIPlugin finished post-reload for START in 463.1 μs, totaling 19.82 ms.
[20:02:49] [Worker-Main-8/DEBUG] [REI] ========================================
[20:02:49] [Worker-Main-8/DEBUG] [REI] ========================================
[20:02:49] [Worker-Main-8/DEBUG] [REI] REIServerPlugin starting post-reload for START.
[20:02:49] [Worker-Main-8/DEBUG] [REI] Reloadables (1):
[20:02:49] [Worker-Main-8/DEBUG] [REI]  - MenuInfoRegistryImpl
[20:02:49] [Worker-Main-8/DEBUG] [REI] Plugins (3):
[20:02:49] [Worker-Main-8/DEBUG] [REI]  - (-100.00) DefaultPluginImpl of DefaultPluginImpl [roughlyenoughitems]
[20:02:49] [Worker-Main-8/DEBUG] [REI]  - (0.00) REI Plugin Compatibilities Server Handler of REI Plugin Compatibilities Server Handler [rei_plugin_compatibilities, jei]
[20:02:49] [Worker-Main-8/DEBUG] [REI]  - (0.00) DefaultRuntimePlugin of DefaultRuntimePlugin [roughlyenoughitems]
[20:02:49] [Worker-Main-8/DEBUG] [REI] ========================================
[20:02:49] [Worker-Main-8/TRACE] [REI] [REIServerPlugin START] Reloading Section: "post-register/"
[20:02:49] [Worker-Main-8/TRACE] [REI] [REIServerPlugin START] Reloading Section: "post-register/DefaultPluginImpl of DefaultPluginImpl [roughlyenoughitems]/"
[20:02:49] [Worker-Main-8/TRACE] [REI] [REIServerPlugin START] Reloading Section: "post-register/DefaultPluginImpl of DefaultPluginImpl [roughlyenoughitems]/" done in 4.100 μs
[20:02:49] [Worker-Main-8/TRACE] [REI] [REIServerPlugin START] Reloading Section: "post-register/REI Plugin Compatibilities Server Handler of REI Plugin Compatibilities Server Handler [rei_plugin_compatibilities, jei]/"
[20:02:49] [Worker-Main-8/TRACE] [REI] [REIServerPlugin START] Reloading Section: "post-register/REI Plugin Compatibilities Server Handler of REI Plugin Compatibilities Server Handler [rei_plugin_compatibilities, jei]/" done in 3.300 μs
[20:02:49] [Worker-Main-8/TRACE] [REI] [REIServerPlugin START] Reloading Section: "post-register/DefaultRuntimePlugin of DefaultRuntimePlugin [roughlyenoughitems]/"
[20:02:49] [Worker-Main-8/TRACE] [REI] [REIServerPlugin START] Reloading Section: "post-register/DefaultRuntimePlugin of DefaultRuntimePlugin [roughlyenoughitems]/" done in 3.200 μs
[20:02:49] [Worker-Main-8/TRACE] [REI] [REIServerPlugin START] Reloading Section: "post-register/" done in 142.5 μs
[20:02:49] [Worker-Main-8/DEBUG] [REI] ========================================
[20:02:49] [Worker-Main-8/INFO] [REI] REIServerPlugin finished post-reload for START in 172.0 μs, totaling 895.8 μs.
[20:02:49] [Worker-Main-8/DEBUG] [REI] ========================================
[20:02:49] [Worker-Main-8/DEBUG] [REI] ========================================
[20:02:49] [Worker-Main-8/DEBUG] [REI] REIPlugin starting pre-reload for END.
[20:02:49] [Worker-Main-8/DEBUG] [REI] Reloadables (7):
[20:02:49] [Worker-Main-8/DEBUG] [REI]  - EntryTypeRegistryImpl
[20:02:49] [Worker-Main-8/DEBUG] [REI]  - EntrySettingsAdapterRegistryImpl
[20:02:49] [Worker-Main-8/DEBUG] [REI]  - RecipeManagerContextImpl
[20:02:49] [Worker-Main-8/DEBUG] [REI]  - ItemComparatorRegistryImpl
[20:02:49] [Worker-Main-8/DEBUG] [REI]  - FluidComparatorRegistryImpl
[20:02:49] [Worker-Main-8/DEBUG] [REI]  - DisplaySerializerRegistryImpl
[20:02:49] [Worker-Main-8/DEBUG] [REI]  - FluidSupportProviderImpl
[20:02:49] [Worker-Main-8/DEBUG] [REI] Plugins (3):
[20:02:49] [Worker-Main-8/DEBUG] [REI]  - (-100.00) DefaultPluginImpl of DefaultPluginImpl [roughlyenoughitems]
[20:02:49] [Worker-Main-8/DEBUG] [REI]  - (0.00) DefaultRuntimePlugin of DefaultRuntimePlugin [roughlyenoughitems]
[20:02:49] [Worker-Main-8/DEBUG] [REI]  - (0.00) REI Plugin Compatibilities Server Handler of REI Plugin Compatibilities Server Handler [rei_plugin_compatibilities, jei]
[20:02:49] [Worker-Main-8/DEBUG] [REI] ========================================
[20:02:49] [Worker-Main-8/TRACE] [REI] [REIPlugin END] Reloading Section: "pre-register/"
[20:02:49] [Worker-Main-8/TRACE] [REI] [REIPlugin END] Reloading Section: "pre-register/DefaultPluginImpl of DefaultPluginImpl [roughlyenoughitems]/"
[20:02:49] [Worker-Main-8/TRACE] [REI] [REIPlugin END] Reloading Section: "pre-register/DefaultPluginImpl of DefaultPluginImpl [roughlyenoughitems]/" done in 4.100 μs
[20:02:49] [Worker-Main-8/TRACE] [REI] [REIPlugin END] Reloading Section: "pre-register/DefaultRuntimePlugin of DefaultRuntimePlugin [roughlyenoughitems]/"
[20:02:49] [Worker-Main-8/TRACE] [REI] [REIPlugin END] Reloading Section: "pre-register/DefaultRuntimePlugin of DefaultRuntimePlugin [roughlyenoughitems]/" done in 3.200 μs
[20:02:49] [Worker-Main-8/TRACE] [REI] [REIPlugin END] Reloading Section: "pre-register/REI Plugin Compatibilities Server Handler of REI Plugin Compatibilities Server Handler [rei_plugin_compatibilities, jei]/"
[20:02:49] [Worker-Main-8/TRACE] [REI] [REIPlugin END] Reloading Section: "pre-register/REI Plugin Compatibilities Server Handler of REI Plugin Compatibilities Server Handler [rei_plugin_compatibilities, jei]/" done in 3.000 μs
[20:02:49] [Worker-Main-8/TRACE] [REI] [REIPlugin END] Reloading Section: "pre-register/" done in 144.0 μs
[20:02:49] [Worker-Main-8/DEBUG] [REI] ========================================
[20:02:49] [Worker-Main-8/DEBUG] [REI] REIPlugin finished pre-reload for END in 172.6 μs.
[20:02:49] [Worker-Main-8/DEBUG] [REI] ========================================
[20:02:49] [Worker-Main-8/DEBUG] [REI] ========================================
[20:02:49] [Worker-Main-8/DEBUG] [REI] REIServerPlugin starting pre-reload for END.
[20:02:49] [Worker-Main-8/DEBUG] [REI] Reloadables (1):
[20:02:49] [Worker-Main-8/DEBUG] [REI]  - MenuInfoRegistryImpl
[20:02:49] [Worker-Main-8/DEBUG] [REI] Plugins (3):
[20:02:49] [Worker-Main-8/DEBUG] [REI]  - (-100.00) DefaultPluginImpl of DefaultPluginImpl [roughlyenoughitems]
[20:02:49] [Worker-Main-8/DEBUG] [REI]  - (0.00) REI Plugin Compatibilities Server Handler of REI Plugin Compatibilities Server Handler [rei_plugin_compatibilities, jei]
[20:02:49] [Worker-Main-8/DEBUG] [REI]  - (0.00) DefaultRuntimePlugin of DefaultRuntimePlugin [roughlyenoughitems]
[20:02:49] [Worker-Main-8/DEBUG] [REI] ========================================
[20:02:49] [Worker-Main-8/TRACE] [REI] [REIServerPlugin END] Reloading Section: "pre-register/"
[20:02:49] [Worker-Main-8/TRACE] [REI] [REIServerPlugin END] Reloading Section: "pre-register/DefaultPluginImpl of DefaultPluginImpl [roughlyenoughitems]/"
[20:02:49] [Worker-Main-8/TRACE] [REI] [REIServerPlugin END] Reloading Section: "pre-register/DefaultPluginImpl of DefaultPluginImpl [roughlyenoughitems]/" done in 3.800 μs
[20:02:49] [Worker-Main-8/TRACE] [REI] [REIServerPlugin END] Reloading Section: "pre-register/REI Plugin Compatibilities Server Handler of REI Plugin Compatibilities Server Handler [rei_plugin_compatibilities, jei]/"
[20:02:49] [Worker-Main-8/TRACE] [REI] [REIServerPlugin END] Reloading Section: "pre-register/REI Plugin Compatibilities Server Handler of REI Plugin Compatibilities Server Handler [rei_plugin_compatibilities, jei]/" done in 3.000 μs
[20:02:49] [Worker-Main-8/TRACE] [REI] [REIServerPlugin END] Reloading Section: "pre-register/DefaultRuntimePlugin of DefaultRuntimePlugin [roughlyenoughitems]/"
[20:02:49] [Worker-Main-8/TRACE] [REI] [REIServerPlugin END] Reloading Section: "pre-register/DefaultRuntimePlugin of DefaultRuntimePlugin [roughlyenoughitems]/" done in 2.800 μs
[20:02:49] [Worker-Main-8/TRACE] [REI] [REIServerPlugin END] Reloading Section: "pre-register/" done in 128.0 μs
[20:02:49] [Worker-Main-8/DEBUG] [REI] ========================================
[20:02:49] [Worker-Main-8/DEBUG] [REI] REIServerPlugin finished pre-reload for END in 156.1 μs.
[20:02:49] [Worker-Main-8/DEBUG] [REI] ========================================
[20:02:49] [Worker-Main-8/INFO] [REI] ----------------------------------------
[20:02:49] [Worker-Main-8/INFO] [REI] REIPlugin starting main-reload for END.
[20:02:49] [Worker-Main-8/DEBUG] [REI] Reloadables (7):
[20:02:49] [Worker-Main-8/DEBUG] [REI]  - EntryTypeRegistryImpl
[20:02:49] [Worker-Main-8/DEBUG] [REI]  - EntrySettingsAdapterRegistryImpl
[20:02:49] [Worker-Main-8/DEBUG] [REI]  - RecipeManagerContextImpl
[20:02:49] [Worker-Main-8/DEBUG] [REI]  - ItemComparatorRegistryImpl
[20:02:49] [Worker-Main-8/DEBUG] [REI]  - FluidComparatorRegistryImpl
[20:02:49] [Worker-Main-8/DEBUG] [REI]  - DisplaySerializerRegistryImpl
[20:02:49] [Worker-Main-8/DEBUG] [REI]  - FluidSupportProviderImpl
[20:02:49] [Worker-Main-8/INFO] [REI] Plugins (3):
[20:02:49] [Worker-Main-8/INFO] [REI]  - (-100.00) DefaultPluginImpl of DefaultPluginImpl [roughlyenoughitems]
[20:02:49] [Worker-Main-8/INFO] [REI]  - (0.00) DefaultRuntimePlugin of DefaultRuntimePlugin [roughlyenoughitems]
[20:02:49] [Worker-Main-8/INFO] [REI]  - (0.00) REI Plugin Compatibilities Server Handler of REI Plugin Compatibilities Server Handler [rei_plugin_compatibilities, jei]
[20:02:49] [Worker-Main-8/INFO] [REI] ----------------------------------------
[20:02:49] [Worker-Main-8/TRACE] [REI] [REIPlugin END] Reloading Section: "start-reload/"
[20:02:49] [Worker-Main-8/TRACE] [REI] [REIPlugin END] Reloading Section: "start-reload/EntryTypeRegistryImpl/"
[20:02:49] [Worker-Main-8/TRACE] [REI] [REIPlugin END] Reloading Section: "start-reload/EntryTypeRegistryImpl/" done in 2.600 μs
[20:02:49] [Worker-Main-8/TRACE] [REI] [REIPlugin END] Reloading Section: "start-reload/EntrySettingsAdapterRegistryImpl/"
[20:02:49] [Worker-Main-8/TRACE] [REI] [REIPlugin END] Reloading Section: "start-reload/EntrySettingsAdapterRegistryImpl/" done in 7.200 μs
[20:02:49] [Worker-Main-8/TRACE] [REI] [REIPlugin END] Reloading Section: "start-reload/RecipeManagerContextImpl/"
[20:02:49] [Worker-Main-8/TRACE] [REI] [REIPlugin END] Reloading Section: "start-reload/RecipeManagerContextImpl/" done in 2.700 μs
[20:02:49] [Worker-Main-8/TRACE] [REI] [REIPlugin END] Reloading Section: "start-reload/ItemComparatorRegistryImpl/"
[20:02:49] [Worker-Main-8/TRACE] [REI] [REIPlugin END] Reloading Section: "start-reload/ItemComparatorRegistryImpl/" done in 1.900 μs
[20:02:49] [Worker-Main-8/TRACE] [REI] [REIPlugin END] Reloading Section: "start-reload/FluidComparatorRegistryImpl/"
[20:02:49] [Worker-Main-8/TRACE] [REI] [REIPlugin END] Reloading Section: "start-reload/FluidComparatorRegistryImpl/" done in 1.700 μs
[20:02:49] [Worker-Main-8/TRACE] [REI] [REIPlugin END] Reloading Section: "start-reload/DisplaySerializerRegistryImpl/"
[20:02:49] [Worker-Main-8/TRACE] [REI] [REIPlugin END] Reloading Section: "start-reload/DisplaySerializerRegistryImpl/" done in 4.500 μs
[20:02:49] [Worker-Main-8/TRACE] [REI] [REIPlugin END] Reloading Section: "start-reload/FluidSupportProviderImpl/"
[20:02:49] [Worker-Main-8/TRACE] [REI] [REIPlugin END] Reloading Section: "start-reload/FluidSupportProviderImpl/" done in 2.100 μs
[20:02:49] [Worker-Main-8/TRACE] [REI] [REIPlugin END] Reloading Section: "start-reload/" done in 234.4 μs
[20:02:49] [Worker-Main-8/DEBUG] [REI] ========================================
[20:02:49] [Worker-Main-8/DEBUG] [REI] REIPlugin started main-reload for END.
[20:02:49] [Worker-Main-8/DEBUG] [REI] ========================================
[20:02:49] [Worker-Main-8/TRACE] [REI] [REIPlugin END] Reloading Section: "reloadable-plugin/EntryTypeRegistryImpl/"
[20:02:49] [Worker-Main-8/TRACE] [REI] [REIPlugin END] Reloading Section: "reloadable-plugin/EntryTypeRegistryImpl/DefaultPluginImpl of DefaultPluginImpl [roughlyenoughitems]/"
[20:02:49] [Worker-Main-8/TRACE] [REI] [REIPlugin END] Reloading Section: "reloadable-plugin/EntryTypeRegistryImpl/DefaultPluginImpl of DefaultPluginImpl [roughlyenoughitems]/" done in 4.500 μs
[20:02:49] [Worker-Main-8/TRACE] [REI] [REIPlugin END] Reloading Section: "reloadable-plugin/EntryTypeRegistryImpl/DefaultRuntimePlugin of DefaultRuntimePlugin [roughlyenoughitems]/"
[20:02:49] [Worker-Main-8/TRACE] [REI] [REIPlugin END] Reloading Section: "reloadable-plugin/EntryTypeRegistryImpl/DefaultRuntimePlugin of DefaultRuntimePlugin [roughlyenoughitems]/" done in 4.000 μs
[20:02:49] [Worker-Main-8/TRACE] [REI] [REIPlugin END] Reloading Section: "reloadable-plugin/EntryTypeRegistryImpl/REI Plugin Compatibilities Server Handler of REI Plugin Compatibilities Server Handler [rei_plugin_compatibilities, jei]/"
[20:02:49] [Worker-Main-8/TRACE] [REI] [REIPlugin END] Reloading Section: "reloadable-plugin/EntryTypeRegistryImpl/REI Plugin Compatibilities Server Handler of REI Plugin Compatibilities Server Handler [rei_plugin_compatibilities, jei]/" done in 4.000 μs
[20:02:49] [Worker-Main-8/TRACE] [REI] [REIPlugin END] Reloading Section: "reloadable-plugin/EntryTypeRegistryImpl/" done in 127.5 μs
[20:02:49] [Worker-Main-8/TRACE] [REI] [REIPlugin END] Reloading Section: "reloadable-plugin/EntrySettingsAdapterRegistryImpl/"
[20:02:49] [Worker-Main-8/TRACE] [REI] [REIPlugin END] Reloading Section: "reloadable-plugin/EntrySettingsAdapterRegistryImpl/DefaultPluginImpl of DefaultPluginImpl [roughlyenoughitems]/"
[20:02:49] [Worker-Main-8/TRACE] [REI] [REIPlugin END] Reloading Section: "reloadable-plugin/EntrySettingsAdapterRegistryImpl/DefaultPluginImpl of DefaultPluginImpl [roughlyenoughitems]/" done in 8.800 μs
[20:02:49] [Worker-Main-8/TRACE] [REI] [REIPlugin END] Reloading Section: "reloadable-plugin/EntrySettingsAdapterRegistryImpl/DefaultRuntimePlugin of DefaultRuntimePlugin [roughlyenoughitems]/"
[20:02:49] [Worker-Main-8/TRACE] [REI] [REIPlugin END] Reloading Section: "reloadable-plugin/EntrySettingsAdapterRegistryImpl/DefaultRuntimePlugin of DefaultRuntimePlugin [roughlyenoughitems]/" done in 4.700 μs
[20:02:49] [Worker-Main-8/TRACE] [REI] [REIPlugin END] Reloading Section: "reloadable-plugin/EntrySettingsAdapterRegistryImpl/REI Plugin Compatibilities Server Handler of REI Plugin Compatibilities Server Handler [rei_plugin_compatibilities, jei]/"
[20:02:49] [Worker-Main-8/TRACE] [REI] [REIPlugin END] Reloading Section: "reloadable-plugin/EntrySettingsAdapterRegistryImpl/REI Plugin Compatibilities Server Handler of REI Plugin Compatibilities Server Handler [rei_plugin_compatibilities, jei]/" done in 5.000 μs
[20:02:49] [Worker-Main-8/TRACE] [REI] [REIPlugin END] Reloading Section: "reloadable-plugin/EntrySettingsAdapterRegistryImpl/" done in 159.6 μs
[20:02:49] [Worker-Main-8/TRACE] [REI] [REIPlugin END] Reloading Section: "reloadable-plugin/RecipeManagerContextImpl/"
[20:02:49] [Worker-Main-8/TRACE] [REI] [REIPlugin END] Reloading Section: "reloadable-plugin/RecipeManagerContextImpl/DefaultPluginImpl of DefaultPluginImpl [roughlyenoughitems]/"
[20:02:49] [Worker-Main-8/TRACE] [REI] [REIPlugin END] Reloading Section: "reloadable-plugin/RecipeManagerContextImpl/DefaultPluginImpl of DefaultPluginImpl [roughlyenoughitems]/" done in 6.500 μs
[20:02:49] [Worker-Main-8/TRACE] [REI] [REIPlugin END] Reloading Section: "reloadable-plugin/RecipeManagerContextImpl/DefaultRuntimePlugin of DefaultRuntimePlugin [roughlyenoughitems]/"
[20:02:49] [Worker-Main-8/TRACE] [REI] [REIPlugin END] Reloading Section: "reloadable-plugin/RecipeManagerContextImpl/DefaultRuntimePlugin of DefaultRuntimePlugin [roughlyenoughitems]/" done in 4.400 μs
[20:02:49] [Worker-Main-8/TRACE] [REI] [REIPlugin END] Reloading Section: "reloadable-plugin/RecipeManagerContextImpl/REI Plugin Compatibilities Server Handler of REI Plugin Compatibilities Server Handler [rei_plugin_compatibilities, jei]/"
[20:02:49] [Worker-Main-8/TRACE] [REI] [REIPlugin END] Reloading Section: "reloadable-plugin/RecipeManagerContextImpl/REI Plugin Compatibilities Server Handler of REI Plugin Compatibilities Server Handler [rei_plugin_compatibilities, jei]/" done in 4.700 μs
[20:02:49] [Worker-Main-8/TRACE] [REI] [REIPlugin END] Reloading Section: "reloadable-plugin/RecipeManagerContextImpl/" done in 130.1 μs
[20:02:49] [Worker-Main-8/TRACE] [REI] [REIPlugin END] Reloading Section: "reloadable-plugin/ItemComparatorRegistryImpl/"
[20:02:49] [Worker-Main-8/TRACE] [REI] [REIPlugin END] Reloading Section: "reloadable-plugin/ItemComparatorRegistryImpl/DefaultPluginImpl of DefaultPluginImpl [roughlyenoughitems]/"
[20:02:49] [Worker-Main-8/TRACE] [REI] [REIPlugin END] Reloading Section: "reloadable-plugin/ItemComparatorRegistryImpl/DefaultPluginImpl of DefaultPluginImpl [roughlyenoughitems]/" done in 4.100 μs
[20:02:49] [Worker-Main-8/TRACE] [REI] [REIPlugin END] Reloading Section: "reloadable-plugin/ItemComparatorRegistryImpl/DefaultRuntimePlugin of DefaultRuntimePlugin [roughlyenoughitems]/"
[20:02:49] [Worker-Main-8/TRACE] [REI] [REIPlugin END] Reloading Section: "reloadable-plugin/ItemComparatorRegistryImpl/DefaultRuntimePlugin of DefaultRuntimePlugin [roughlyenoughitems]/" done in 3.800 μs
[20:02:49] [Worker-Main-8/TRACE] [REI] [REIPlugin END] Reloading Section: "reloadable-plugin/ItemComparatorRegistryImpl/REI Plugin Compatibilities Server Handler of REI Plugin Compatibilities Server Handler [rei_plugin_compatibilities, jei]/"
[20:02:49] [Worker-Main-8/TRACE] [REI] [REIPlugin END] Reloading Section: "reloadable-plugin/ItemComparatorRegistryImpl/REI Plugin Compatibilities Server Handler of REI Plugin Compatibilities Server Handler [rei_plugin_compatibilities, jei]/" done in 3.800 μs
[20:02:49] [Worker-Main-8/TRACE] [REI] [REIPlugin END] Reloading Section: "reloadable-plugin/ItemComparatorRegistryImpl/" done in 101.3 μs
[20:02:49] [Worker-Main-8/TRACE] [REI] [REIPlugin END] Reloading Section: "reloadable-plugin/FluidComparatorRegistryImpl/"
[20:02:49] [Worker-Main-8/TRACE] [REI] [REIPlugin END] Reloading Section: "reloadable-plugin/FluidComparatorRegistryImpl/DefaultPluginImpl of DefaultPluginImpl [roughlyenoughitems]/"
[20:02:49] [Worker-Main-8/TRACE] [REI] [REIPlugin END] Reloading Section: "reloadable-plugin/FluidComparatorRegistryImpl/DefaultPluginImpl of DefaultPluginImpl [roughlyenoughitems]/" done in 3.600 μs
[20:02:49] [Worker-Main-8/TRACE] [REI] [REIPlugin END] Reloading Section: "reloadable-plugin/FluidComparatorRegistryImpl/DefaultRuntimePlugin of DefaultRuntimePlugin [roughlyenoughitems]/"
[20:02:49] [Worker-Main-8/TRACE] [REI] [REIPlugin END] Reloading Section: "reloadable-plugin/FluidComparatorRegistryImpl/DefaultRuntimePlugin of DefaultRuntimePlugin [roughlyenoughitems]/" done in 3.700 μs
[20:02:49] [Worker-Main-8/TRACE] [REI] [REIPlugin END] Reloading Section: "reloadable-plugin/FluidComparatorRegistryImpl/REI Plugin Compatibilities Server Handler of REI Plugin Compatibilities Server Handler [rei_plugin_compatibilities, jei]/"
[20:02:49] [Worker-Main-8/TRACE] [REI] [REIPlugin END] Reloading Section: "reloadable-plugin/FluidComparatorRegistryImpl/REI Plugin Compatibilities Server Handler of REI Plugin Compatibilities Server Handler [rei_plugin_compatibilities, jei]/" done in 3.600 μs
[20:02:49] [Worker-Main-8/TRACE] [REI] [REIPlugin END] Reloading Section: "reloadable-plugin/FluidComparatorRegistryImpl/" done in 102.3 μs
[20:02:49] [Worker-Main-8/TRACE] [REI] [REIPlugin END] Reloading Section: "reloadable-plugin/DisplaySerializerRegistryImpl/"
[20:02:49] [Worker-Main-8/TRACE] [REI] [REIPlugin END] Reloading Section: "reloadable-plugin/DisplaySerializerRegistryImpl/DefaultPluginImpl of DefaultPluginImpl [roughlyenoughitems]/"
[20:02:49] [Worker-Main-8/TRACE] [REI] [REIPlugin END] Reloading Section: "reloadable-plugin/DisplaySerializerRegistryImpl/DefaultPluginImpl of DefaultPluginImpl [roughlyenoughitems]/" done in 12.45 ms
[20:02:49] [Worker-Main-8/TRACE] [REI] [REIPlugin END] Reloading Section: "reloadable-plugin/DisplaySerializerRegistryImpl/DefaultRuntimePlugin of DefaultRuntimePlugin [roughlyenoughitems]/"
[20:02:49] [Worker-Main-8/TRACE] [REI] [REIPlugin END] Reloading Section: "reloadable-plugin/DisplaySerializerRegistryImpl/DefaultRuntimePlugin of DefaultRuntimePlugin [roughlyenoughitems]/" done in 9.500 μs
[20:02:49] [Worker-Main-8/TRACE] [REI] [REIPlugin END] Reloading Section: "reloadable-plugin/DisplaySerializerRegistryImpl/REI Plugin Compatibilities Server Handler of REI Plugin Compatibilities Server Handler [rei_plugin_compatibilities, jei]/"
[20:02:49] [Worker-Main-8/TRACE] [REI] [REIPlugin END] Reloading Section: "reloadable-plugin/DisplaySerializerRegistryImpl/REI Plugin Compatibilities Server Handler of REI Plugin Compatibilities Server Handler [rei_plugin_compatibilities, jei]/" done in 5.600 μs
[20:02:49] [Worker-Main-8/TRACE] [REI] [REIPlugin END] Reloading Section: "reloadable-plugin/DisplaySerializerRegistryImpl/" done in 12.79 ms
[20:02:49] [Worker-Main-8/TRACE] [REI] [REIPlugin END] Reloading Section: "reloadable-plugin/FluidSupportProviderImpl/"
[20:02:49] [Worker-Main-8/TRACE] [REI] [REIPlugin END] Reloading Section: "reloadable-plugin/FluidSupportProviderImpl/DefaultPluginImpl of DefaultPluginImpl [roughlyenoughitems]/"
[20:02:49] [Worker-Main-8/TRACE] [REI] [REIPlugin END] Reloading Section: "reloadable-plugin/FluidSupportProviderImpl/DefaultPluginImpl of DefaultPluginImpl [roughlyenoughitems]/" done in 4.700 μs
[20:02:49] [Worker-Main-8/TRACE] [REI] [REIPlugin END] Reloading Section: "reloadable-plugin/FluidSupportProviderImpl/DefaultRuntimePlugin of DefaultRuntimePlugin [roughlyenoughitems]/"
[20:02:49] [Worker-Main-8/TRACE] [REI] [REIPlugin END] Reloading Section: "reloadable-plugin/FluidSupportProviderImpl/DefaultRuntimePlugin of DefaultRuntimePlugin [roughlyenoughitems]/" done in 4.400 μs
[20:02:49] [Worker-Main-8/TRACE] [REI] [REIPlugin END] Reloading Section: "reloadable-plugin/FluidSupportProviderImpl/REI Plugin Compatibilities Server Handler of REI Plugin Compatibilities Server Handler [rei_plugin_compatibilities, jei]/"
[20:02:49] [Worker-Main-8/TRACE] [REI] [REIPlugin END] Reloading Section: "reloadable-plugin/FluidSupportProviderImpl/REI Plugin Compatibilities Server Handler of REI Plugin Compatibilities Server Handler [rei_plugin_compatibilities, jei]/" done in 6.200 μs
[20:02:49] [Worker-Main-8/TRACE] [REI] [REIPlugin END] Reloading Section: "reloadable-plugin/FluidSupportProviderImpl/" done in 220.2 μs
[20:02:49] [Worker-Main-8/DEBUG] [REI] ========================================
[20:02:49] [Worker-Main-8/DEBUG] [REI] REIPlugin ending main-reload for END.
[20:02:49] [Worker-Main-8/DEBUG] [REI] ========================================
[20:02:49] [Worker-Main-8/TRACE] [REI] [REIPlugin END] Reloading Section: "end-reload/"
[20:02:49] [Worker-Main-8/TRACE] [REI] [REIPlugin END] Reloading Section: "end-reload/EntryTypeRegistryImpl/"
[20:02:49] [Worker-Main-8/TRACE] [REI] [REIPlugin END] Reloading Section: "end-reload/EntryTypeRegistryImpl/" done in 2.600 μs
[20:02:49] [Worker-Main-8/TRACE] [REI] [REIPlugin END] Reloading Section: "end-reload/EntrySettingsAdapterRegistryImpl/"
[20:02:49] [Worker-Main-8/TRACE] [REI] [REIPlugin END] Reloading Section: "end-reload/EntrySettingsAdapterRegistryImpl/" done in 1.900 μs
[20:02:49] [Worker-Main-8/TRACE] [REI] [REIPlugin END] Reloading Section: "end-reload/RecipeManagerContextImpl/"
[20:02:49] [Worker-Main-8/TRACE] [REI] [REIPlugin END] Reloading Section: "end-reload/RecipeManagerContextImpl/" done in 1.800 μs
[20:02:49] [Worker-Main-8/TRACE] [REI] [REIPlugin END] Reloading Section: "end-reload/ItemComparatorRegistryImpl/"
[20:02:49] [Worker-Main-8/TRACE] [REI] [REIPlugin END] Reloading Section: "end-reload/ItemComparatorRegistryImpl/" done in 2.100 μs
[20:02:49] [Worker-Main-8/TRACE] [REI] [REIPlugin END] Reloading Section: "end-reload/FluidComparatorRegistryImpl/"
[20:02:49] [Worker-Main-8/TRACE] [REI] [REIPlugin END] Reloading Section: "end-reload/FluidComparatorRegistryImpl/" done in 2.300 μs
[20:02:49] [Worker-Main-8/TRACE] [REI] [REIPlugin END] Reloading Section: "end-reload/DisplaySerializerRegistryImpl/"
[20:02:49] [Worker-Main-8/TRACE] [REI] [REIPlugin END] Reloading Section: "end-reload/DisplaySerializerRegistryImpl/" done in 1.900 μs
[20:02:49] [Worker-Main-8/TRACE] [REI] [REIPlugin END] Reloading Section: "end-reload/FluidSupportProviderImpl/"
[20:02:49] [Worker-Main-8/TRACE] [REI] [REIPlugin END] Reloading Section: "end-reload/FluidSupportProviderImpl/" done in 2.100 μs
[20:02:49] [Worker-Main-8/TRACE] [REI] [REIPlugin END] Reloading Section: "end-reload/" done in 260.3 μs
[20:02:49] [Worker-Main-8/DEBUG] [REI] ========================================
[20:02:49] [Worker-Main-8/DEBUG] [REI] REIPlugin ended main-reload for END in 14.61 ms.
[20:02:49] [Worker-Main-8/DEBUG] [REI] ========================================
[20:02:49] [Worker-Main-8/INFO] [REI] ========================================
[20:02:49] [Worker-Main-8/INFO] [REI] REIServerPlugin starting main-reload for END.
[20:02:49] [Worker-Main-8/DEBUG] [REI] Reloadables (1):
[20:02:49] [Worker-Main-8/DEBUG] [REI]  - MenuInfoRegistryImpl
[20:02:49] [Worker-Main-8/INFO] [REI] Plugins (3):
[20:02:49] [Worker-Main-8/INFO] [REI]  - (-100.00) DefaultPluginImpl of DefaultPluginImpl [roughlyenoughitems]
[20:02:49] [Worker-Main-8/INFO] [REI]  - (0.00) REI Plugin Compatibilities Server Handler of REI Plugin Compatibilities Server Handler [rei_plugin_compatibilities, jei]
[20:02:49] [Worker-Main-8/INFO] [REI]  - (0.00) DefaultRuntimePlugin of DefaultRuntimePlugin [roughlyenoughitems]
[20:02:49] [Worker-Main-8/INFO] [REI] ========================================
[20:02:49] [Worker-Main-8/TRACE] [REI] [REIServerPlugin END] Reloading Section: "start-reload/"
[20:02:49] [Worker-Main-8/TRACE] [REI] [REIServerPlugin END] Reloading Section: "start-reload/MenuInfoRegistryImpl/"
[20:02:49] [Worker-Main-8/TRACE] [REI] [REIServerPlugin END] Reloading Section: "start-reload/MenuInfoRegistryImpl/" done in 8.700 μs
[20:02:49] [Worker-Main-8/TRACE] [REI] [REIServerPlugin END] Reloading Section: "start-reload/" done in 38.70 μs
[20:02:49] [Worker-Main-8/DEBUG] [REI] ========================================
[20:02:49] [Worker-Main-8/DEBUG] [REI] REIServerPlugin started main-reload for END.
[20:02:49] [Worker-Main-8/DEBUG] [REI] ========================================
[20:02:49] [Worker-Main-8/TRACE] [REI] [REIServerPlugin END] Reloading Section: "reloadable-plugin/MenuInfoRegistryImpl/"
[20:02:49] [Worker-Main-8/TRACE] [REI] [REIServerPlugin END] Reloading Section: "reloadable-plugin/MenuInfoRegistryImpl/DefaultPluginImpl of DefaultPluginImpl [roughlyenoughitems]/"
[20:02:49] [Worker-Main-8/DEBUG] [REI] Added menu info for class net.minecraft.world.inventory.CraftingMenu [minecraft:plugins/crafting]: me.shedaniel.rei.api.common.transfer.info.simple.SimpleMenuInfoProvider$$Lambda$24618/0x0000000803a3d418@18cf5e58
[20:02:49] [Worker-Main-8/DEBUG] [REI] Added menu info for class net.minecraft.world.inventory.InventoryMenu [minecraft:plugins/crafting]: me.shedaniel.rei.api.common.transfer.info.simple.SimpleMenuInfoProvider$$Lambda$24618/0x0000000803a3d418@6a571a74
[20:02:49] [Worker-Main-8/DEBUG] [REI] Added menu info for class net.minecraft.world.inventory.FurnaceMenu [minecraft:plugins/smelting]: me.shedaniel.rei.api.common.transfer.info.simple.SimpleMenuInfoProvider$$Lambda$24618/0x0000000803a3d418@1c1f985a
[20:02:49] [Worker-Main-8/DEBUG] [REI] Added menu info for class net.minecraft.world.inventory.SmokerMenu [minecraft:plugins/smoking]: me.shedaniel.rei.api.common.transfer.info.simple.SimpleMenuInfoProvider$$Lambda$24618/0x0000000803a3d418@16ffb421
[20:02:49] [Worker-Main-8/DEBUG] [REI] Added menu info for class net.minecraft.world.inventory.BlastFurnaceMenu [minecraft:plugins/blasting]: me.shedaniel.rei.api.common.transfer.info.simple.SimpleMenuInfoProvider$$Lambda$24618/0x0000000803a3d418@95f5880
[20:02:49] [Worker-Main-8/TRACE] [REI] [REIServerPlugin END] Reloading Section: "reloadable-plugin/MenuInfoRegistryImpl/DefaultPluginImpl of DefaultPluginImpl [roughlyenoughitems]/" done in 3.398 ms
[20:02:49] [Worker-Main-8/TRACE] [REI] [REIServerPlugin END] Reloading Section: "reloadable-plugin/MenuInfoRegistryImpl/REI Plugin Compatibilities Server Handler of REI Plugin Compatibilities Server Handler [rei_plugin_compatibilities, jei]/"
[20:02:49] [Worker-Main-8/DEBUG] [REI] Added generic menu info for: me.shedaniel.rei.plugincompatibilities.fkEnyfft7oi.RDXOL8eBoUO@1756a6a1
[20:02:49] [Worker-Main-8/TRACE] [REI] [REIServerPlugin END] Reloading Section: "reloadable-plugin/MenuInfoRegistryImpl/REI Plugin Compatibilities Server Handler of REI Plugin Compatibilities Server Handler [rei_plugin_compatibilities, jei]/" done in 1.218 ms
[20:02:49] [Worker-Main-8/TRACE] [REI] [REIServerPlugin END] Reloading Section: "reloadable-plugin/MenuInfoRegistryImpl/DefaultRuntimePlugin of DefaultRuntimePlugin [roughlyenoughitems]/"
[20:02:49] [Worker-Main-8/TRACE] [REI] [REIServerPlugin END] Reloading Section: "reloadable-plugin/MenuInfoRegistryImpl/DefaultRuntimePlugin of DefaultRuntimePlugin [roughlyenoughitems]/" done in 7.800 μs
[20:02:49] [Worker-Main-8/TRACE] [REI] [REIServerPlugin END] Reloading Section: "reloadable-plugin/MenuInfoRegistryImpl/" done in 4.791 ms
[20:02:49] [Worker-Main-8/DEBUG] [REI] ========================================
[20:02:49] [Worker-Main-8/DEBUG] [REI] REIServerPlugin ending main-reload for END.
[20:02:49] [Worker-Main-8/DEBUG] [REI] ========================================
[20:02:49] [Worker-Main-8/TRACE] [REI] [REIServerPlugin END] Reloading Section: "end-reload/"
[20:02:49] [Worker-Main-8/TRACE] [REI] [REIServerPlugin END] Reloading Section: "end-reload/MenuInfoRegistryImpl/"
[20:02:49] [Worker-Main-8/DEBUG] [REI] Registered 5 menu infos
[20:02:49] [Worker-Main-8/TRACE] [REI] [REIServerPlugin END] Reloading Section: "end-reload/MenuInfoRegistryImpl/" done in 21.70 μs
[20:02:49] [Worker-Main-8/TRACE] [REI] [REIServerPlugin END] Reloading Section: "end-reload/" done in 54.90 μs
[20:02:49] [Worker-Main-8/DEBUG] [REI] ========================================
[20:02:49] [Worker-Main-8/DEBUG] [REI] REIServerPlugin ended main-reload for END in 5.154 ms.
[20:02:49] [Worker-Main-8/DEBUG] [REI] ========================================
[20:02:49] [Worker-Main-8/DEBUG] [REI] ========================================
[20:02:49] [Worker-Main-8/DEBUG] [REI] REIPlugin starting post-reload for END.
[20:02:49] [Worker-Main-8/DEBUG] [REI] Reloadables (7):
[20:02:49] [Worker-Main-8/DEBUG] [REI]  - EntryTypeRegistryImpl
[20:02:49] [Worker-Main-8/DEBUG] [REI]  - EntrySettingsAdapterRegistryImpl
[20:02:49] [Worker-Main-8/DEBUG] [REI]  - RecipeManagerContextImpl
[20:02:49] [Worker-Main-8/DEBUG] [REI]  - ItemComparatorRegistryImpl
[20:02:49] [Worker-Main-8/DEBUG] [REI]  - FluidComparatorRegistryImpl
[20:02:49] [Worker-Main-8/DEBUG] [REI]  - DisplaySerializerRegistryImpl
[20:02:49] [Worker-Main-8/DEBUG] [REI]  - FluidSupportProviderImpl
[20:02:49] [Worker-Main-8/DEBUG] [REI] Plugins (3):
[20:02:49] [Worker-Main-8/DEBUG] [REI]  - (-100.00) DefaultPluginImpl of DefaultPluginImpl [roughlyenoughitems]
[20:02:49] [Worker-Main-8/DEBUG] [REI]  - (0.00) DefaultRuntimePlugin of DefaultRuntimePlugin [roughlyenoughitems]
[20:02:49] [Worker-Main-8/DEBUG] [REI]  - (0.00) REI Plugin Compatibilities Server Handler of REI Plugin Compatibilities Server Handler [rei_plugin_compatibilities, jei]
[20:02:49] [Worker-Main-8/DEBUG] [REI] ========================================
[20:02:49] [Worker-Main-8/TRACE] [REI] [REIPlugin END] Reloading Section: "post-register/"
[20:02:49] [Worker-Main-8/TRACE] [REI] [REIPlugin END] Reloading Section: "post-register/DefaultPluginImpl of DefaultPluginImpl [roughlyenoughitems]/"
[20:02:49] [Worker-Main-8/TRACE] [REI] [REIPlugin END] Reloading Section: "post-register/DefaultPluginImpl of DefaultPluginImpl [roughlyenoughitems]/" done in 5.200 μs
[20:02:49] [Worker-Main-8/TRACE] [REI] [REIPlugin END] Reloading Section: "post-register/DefaultRuntimePlugin of DefaultRuntimePlugin [roughlyenoughitems]/"
[20:02:49] [Worker-Main-8/TRACE] [REI] [REIPlugin END] Reloading Section: "post-register/DefaultRuntimePlugin of DefaultRuntimePlugin [roughlyenoughitems]/" done in 3.700 μs
[20:02:49] [Worker-Main-8/TRACE] [REI] [REIPlugin END] Reloading Section: "post-register/REI Plugin Compatibilities Server Handler of REI Plugin Compatibilities Server Handler [rei_plugin_compatibilities, jei]/"
[20:02:49] [Worker-Main-8/TRACE] [REI] [REIPlugin END] Reloading Section: "post-register/REI Plugin Compatibilities Server Handler of REI Plugin Compatibilities Server Handler [rei_plugin_compatibilities, jei]/" done in 2.900 μs
[20:02:49] [Worker-Main-8/TRACE] [REI] [REIPlugin END] Reloading Section: "post-register/" done in 130.8 μs
[20:02:49] [Worker-Main-8/DEBUG] [REI] ========================================
[20:02:49] [Worker-Main-8/INFO] [REI] REIPlugin finished post-reload for END in 153.1 μs, totaling 14.93 ms.
[20:02:49] [Worker-Main-8/DEBUG] [REI] ========================================
[20:02:49] [Worker-Main-8/DEBUG] [REI] ========================================
[20:02:49] [Worker-Main-8/DEBUG] [REI] REIServerPlugin starting post-reload for END.
[20:02:49] [Worker-Main-8/DEBUG] [REI] Reloadables (1):
[20:02:49] [Worker-Main-8/DEBUG] [REI]  - MenuInfoRegistryImpl
[20:02:49] [Worker-Main-8/DEBUG] [REI] Plugins (3):
[20:02:49] [Worker-Main-8/DEBUG] [REI]  - (-100.00) DefaultPluginImpl of DefaultPluginImpl [roughlyenoughitems]
[20:02:49] [Worker-Main-8/DEBUG] [REI]  - (0.00) REI Plugin Compatibilities Server Handler of REI Plugin Compatibilities Server Handler [rei_plugin_compatibilities, jei]
[20:02:49] [Worker-Main-8/DEBUG] [REI]  - (0.00) DefaultRuntimePlugin of DefaultRuntimePlugin [roughlyenoughitems]
[20:02:49] [Worker-Main-8/DEBUG] [REI] ========================================
[20:02:49] [Worker-Main-8/TRACE] [REI] [REIServerPlugin END] Reloading Section: "post-register/"
[20:02:49] [Worker-Main-8/TRACE] [REI] [REIServerPlugin END] Reloading Section: "post-register/DefaultPluginImpl of DefaultPluginImpl [roughlyenoughitems]/"
[20:02:49] [Worker-Main-8/TRACE] [REI] [REIServerPlugin END] Reloading Section: "post-register/DefaultPluginImpl of DefaultPluginImpl [roughlyenoughitems]/" done in 3.600 μs
[20:02:49] [Worker-Main-8/TRACE] [REI] [REIServerPlugin END] Reloading Section: "post-register/REI Plugin Compatibilities Server Handler of REI Plugin Compatibilities Server Handler [rei_plugin_compatibilities, jei]/"
[20:02:49] [Worker-Main-8/TRACE] [REI] [REIServerPlugin END] Reloading Section: "post-register/REI Plugin Compatibilities Server Handler of REI Plugin Compatibilities Server Handler [rei_plugin_compatibilities, jei]/" done in 2.800 μs
[20:02:49] [Worker-Main-8/TRACE] [REI] [REIServerPlugin END] Reloading Section: "post-register/DefaultRuntimePlugin of DefaultRuntimePlugin [roughlyenoughitems]/"
[20:02:49] [Worker-Main-8/TRACE] [REI] [REIServerPlugin END] Reloading Section: "post-register/DefaultRuntimePlugin of DefaultRuntimePlugin [roughlyenoughitems]/" done in 2.400 μs
[20:02:49] [Worker-Main-8/TRACE] [REI] [REIServerPlugin END] Reloading Section: "post-register/" done in 87.10 μs
[20:02:49] [Worker-Main-8/DEBUG] [REI] ========================================
[20:02:49] [Worker-Main-8/INFO] [REI] REIServerPlugin finished post-reload for END in 113.6 μs, totaling 5.419 ms.
[20:02:49] [Worker-Main-8/DEBUG] [REI] ========================================
